<?xml version="1.0" encoding="UTF-8"?>
<testsuite xmlns:xsi="http://www.w3.org/2001/XMLSchema-instance" xsi:noNamespaceSchemaLocation="https://maven.apache.org/surefire/maven-failsafe-plugin/xsd/failsafe-test-report-3.0.xsd" version="3.0" name="starter.CucumberTestSuite" time="15.678" tests="1" errors="1" skipped="0" failures="0">
  <properties>
[...]
</properties>
  <testcase name="As user i have be able to success login" classname="login" time="7.66">
    <error type="org.openqa.selenium.NoSuchElementException"><![CDATA[org.openqa.selenium.NoSuchElementException: 
no such element: Unable to locate element: {"method":"css selector","selector":".title"}
  (Session info: chrome=112.0.5615.49)
For documentation on this error, please visit: https://selenium.dev/exceptions/#no_such_element
Build info: version: '4.8.1', revision: '8ebccac989'
System info: os.name: 'Windows 10', os.arch: 'amd64', os.version: '10.0', java.version: '17.0.2'
Driver info: org.openqa.selenium.chrome.ChromeDriver
Command: [76e4defcf55027589f49a58343a2ff48, findElement {using=class name, value=title}]
Capabilities {acceptInsecureCerts: false, browserName: chrome, browserVersion: 112.0.5615.49, chrome: {chromedriverVersion: 112.0.5615.49 (bd2a7bcb881c..., userDataDir: C:\Program Files (x86)\scop...}, goog:chromeOptions: {debuggerAddress: localhost:64828}, networkConnectionEnabled: false, pageLoadStrategy: normal, platformName: WINDOWS, proxy: Proxy(), se:cdp: ws://localhost:64828/devtoo..., se:cdpVersion: 112.0.5615.49, setWindowRect: true, strictFileInteractability: false, timeouts: {implicit: 0, pageLoad: 300000, script: 30000}, unhandledPromptBehavior: dismiss and notify, webauthn:extension:credBlob: true, webauthn:extension:largeBlob: true, webauthn:extension:minPinLength: true, webauthn:extension:prf: true, webauthn:virtualAuthenticators: true}
Session ID: 76e4defcf55027589f49a58343a2ff48
]]></error>
    <system-out><![CDATA[22:38:50.024 [main] DEBUG net.thucydides.core.guice.Injectors - Created injector for module net.thucydides.core.guice.ThucydidesModule
22:38:50.285 [main] DEBUG io.cucumber.core.plugin.SerenityReporter - Running feature from file:///C:/Users/Administrator/Downloads/WebTesting/WebTesting/src/test/resources/features/Login.feature
22:38:50.484 [main] DEBUG net.thucydides.core.guice.Injectors - Created injector for module net.thucydides.core.guice.webdriver.WebDriverModule
22:38:50.502 [main] INFO  - 

-------------------------------------------------------------------------------------
     _______. _______ .______       _______ .__   __.  __  .___________.____    ____ 
    /       ||   ____||   _  \     |   ____||  \ |  | |  | |           |\   \  /   / 
   |   (----`|  |__   |  |_)  |    |  |__   |   \|  | |  | `---|  |----` \   \/   /  
    \   \    |   __|  |      /     |   __|  |  . `  | |  |     |  |       \_    _/   
.----)   |   |  |____ |  |\  \----.|  |____ |  |\   | |  |     |  |         |  |     
|_______/    |_______|| _| `._____||_______||__| \__| |__|     |__|         |__|    
                                                                                     
 News and tutorials at http://www.serenity-bdd.info                                  
 Documentation at https://wakaleo.gitbooks.io/the-serenity-book/content/             
 Join the Serenity Community on Gitter: https://gitter.im/serenity-bdd/serenity-core 
 Serenity BDD Support and Training at http://serenity-bdd.info/#/trainingandsupport  
-------------------------------------------------------------------------------------

22:38:50.505 [main] DEBUG net.thucydides.core.steps.StepEventBus - Test suite started for story net.thucydides.core.model.Story@23282f08
22:38:50.509 [main] INFO  - Test Suite Started: Login
22:38:50.521 [main] DEBUG io.cucumber.core.plugin.SerenityReporter - Running feature from file:///C:/Users/Administrator/Downloads/WebTesting/WebTesting/src/test/resources/features/Login.feature
22:38:50.525 [main] DEBUG net.thucydides.core.steps.StepEventBus - Test suite started for story net.thucydides.core.model.Story@23282f08
22:38:50.526 [main] INFO  - Test Suite Started: Login

@login @userA
Scenario: As user i have be able to success login &amp#27;[90m# src/test/resources/features/Login.feature:8&amp#27;[0m
22:38:50.601 [main] DEBUG io.cucumber.core.plugin.SerenityReporter - Running feature from file:///C:/Users/Administrator/Downloads/WebTesting/WebTesting/src/test/resources/features/Login.feature
22:38:50.713 [main] INFO  - 
  _____   ___   ___   _____     ___   _____     _     ___   _____   ___   ___  
 |_   _| | __| / __| |_   _|   / __| |_   _|   /_\   | _ \ |_   _| | __| |   \ 
   | |   | _|  \__ \   | |     \__ \   | |    / _ \  |   /   | |   | _|  | |) |
   |_|   |___| |___/   |_|     |___/   |_|   /_/ \_\ |_|_\   |_|   |___| |___/ 

As user i have be able to success login(login;as-user-i-have-be-able-to-success-login)
--------------------------------------------------------------------------------
22:38:50.761 [main] DEBUG net.thucydides.core.requirements.model.cucumber.CucumberParser - Loading feature C:\Users\Administrator\Downloads\WebTesting\WebTesting\src\test\resources\features\Login.feature
22:38:51.569 [main] INFO net.serenitybdd.core.webdriver.driverproviders.ChromeDriverProvider - Starting Chrome driver instance with capabilities:
22:38:51.571 [main] INFO net.serenitybdd.core.webdriver.driverproviders.ChromeDriverProvider - Capabilities {acceptInsecureCerts: false, browserName: chrome, goog:chromeOptions: {args: [remote-allow-origins=*], extensions: []}}
22:38:51.901 [main] DEBUG io.netty.util.internal.logging.InternalLoggerFactory - Using SLF4J as the default logging framework
22:38:51.904 [main] DEBUG io.netty.util.ResourceLeakDetector - -Dio.netty.leakDetection.level: simple
22:38:51.904 [main] DEBUG io.netty.util.ResourceLeakDetector - -Dio.netty.leakDetection.targetRecords: 4
22:38:51.909 [main] DEBUG io.netty.util.ResourceLeakDetectorFactory - Loaded default ResourceLeakDetector: io.netty.util.ResourceLeakDetector@1bd8afc8
22:38:51.928 [main] DEBUG io.netty.util.internal.PlatformDependent0 - -Dio.netty.noUnsafe: false
22:38:51.928 [main] DEBUG io.netty.util.internal.PlatformDependent0 - Java version: 17
22:38:51.929 [main] DEBUG io.netty.util.internal.PlatformDependent0 - sun.misc.Unsafe.theUnsafe: available
22:38:51.930 [main] DEBUG io.netty.util.internal.PlatformDependent0 - sun.misc.Unsafe.copyMemory: available
22:38:51.930 [main] DEBUG io.netty.util.internal.PlatformDependent0 - sun.misc.Unsafe.storeFence: available
22:38:51.930 [main] DEBUG io.netty.util.internal.PlatformDependent0 - java.nio.Buffer.address: available
22:38:51.931 [main] DEBUG io.netty.util.internal.PlatformDependent0 - direct buffer constructor: unavailable: Reflective setAccessible(true) disabled
22:38:51.931 [main] DEBUG io.netty.util.internal.PlatformDependent0 - java.nio.Bits.unaligned: available, true
22:38:51.932 [main] DEBUG io.netty.util.internal.PlatformDependent0 - jdk.internal.misc.Unsafe.allocateUninitializedArray(int): unavailable: class io.netty.util.internal.PlatformDependent0$7 cannot access class jdk.internal.misc.Unsafe (in module java.base) because module java.base does not export jdk.internal.misc to unnamed module @51dcb805
22:38:51.934 [main] DEBUG io.netty.util.internal.PlatformDependent0 - java.nio.DirectByteBuffer.<init>(long, int): unavailable
22:38:51.934 [main] DEBUG io.netty.util.internal.PlatformDependent - sun.misc.Unsafe: available
22:38:51.935 [main] DEBUG io.netty.util.internal.PlatformDependent - maxDirectMemory: 4267704320 bytes (maybe)
22:38:51.935 [main] DEBUG io.netty.util.internal.PlatformDependent - -Dio.netty.tmpdir: C:\Users\ADMINI~1\AppData\Local\Temp (java.io.tmpdir)
22:38:51.935 [main] DEBUG io.netty.util.internal.PlatformDependent - -Dio.netty.bitMode: 64 (sun.arch.data.model)
22:38:51.935 [main] DEBUG io.netty.util.internal.PlatformDependent - Platform: Windows
22:38:51.936 [main] DEBUG io.netty.util.internal.PlatformDependent - -Dio.netty.maxDirectMemory: -1 bytes
22:38:51.936 [main] DEBUG io.netty.util.internal.PlatformDependent - -Dio.netty.uninitializedArrayAllocationThreshold: -1
22:38:51.937 [main] DEBUG io.netty.util.internal.CleanerJava9 - java.nio.ByteBuffer.cleaner(): available
22:38:51.937 [main] DEBUG io.netty.util.internal.PlatformDependent - -Dio.netty.noPreferDirect: false
22:38:51.943 [main] DEBUG io.netty.util.internal.PlatformDependent - org.jctools-core.MpscChunkedArrayQueue: available
22:38:51.962 [main] DEBUG io.netty.util.internal.InternalThreadLocalMap - -Dio.netty.threadLocalMap.stringBuilder.initialSize: 1024
22:38:51.962 [main] DEBUG io.netty.util.internal.InternalThreadLocalMap - -Dio.netty.threadLocalMap.stringBuilder.maxSize: 4096
22:38:52.112 [main] DEBUG io.netty.handler.ssl.JdkSslContext - Default protocols (JDK): [TLSv1.3, TLSv1.2] 
22:38:52.112 [main] DEBUG io.netty.handler.ssl.JdkSslContext - Default cipher suites (JDK): [TLS_ECDHE_ECDSA_WITH_AES_256_GCM_SHA384, TLS_ECDHE_ECDSA_WITH_AES_128_GCM_SHA256, TLS_ECDHE_RSA_WITH_AES_128_GCM_SHA256, TLS_ECDHE_RSA_WITH_AES_256_GCM_SHA384, TLS_ECDHE_RSA_WITH_AES_128_CBC_SHA, TLS_ECDHE_RSA_WITH_AES_256_CBC_SHA, TLS_RSA_WITH_AES_128_GCM_SHA256, TLS_RSA_WITH_AES_128_CBC_SHA, TLS_RSA_WITH_AES_256_CBC_SHA, TLS_AES_128_GCM_SHA256, TLS_AES_256_GCM_SHA384]
22:38:52.130 [main] DEBUG io.netty.channel.MultithreadEventLoopGroup - -Dio.netty.eventLoopThreads: 16
22:38:52.136 [main] DEBUG io.netty.channel.nio.NioEventLoop - -Dio.netty.noKeySetOptimization: false
22:38:52.136 [main] DEBUG io.netty.channel.nio.NioEventLoop - -Dio.netty.selectorAutoRebuildThreshold: 512
22:38:52.173 [main] DEBUG io.netty.buffer.PooledByteBufAllocator - -Dio.netty.allocator.numHeapArenas: 16
22:38:52.173 [main] DEBUG io.netty.buffer.PooledByteBufAllocator - -Dio.netty.allocator.numDirectArenas: 16
22:38:52.173 [main] DEBUG io.netty.buffer.PooledByteBufAllocator - -Dio.netty.allocator.pageSize: 8192
22:38:52.173 [main] DEBUG io.netty.buffer.PooledByteBufAllocator - -Dio.netty.allocator.maxOrder: 9
22:38:52.173 [main] DEBUG io.netty.buffer.PooledByteBufAllocator - -Dio.netty.allocator.chunkSize: 4194304
22:38:52.173 [main] DEBUG io.netty.buffer.PooledByteBufAllocator - -Dio.netty.allocator.smallCacheSize: 256
22:38:52.173 [main] DEBUG io.netty.buffer.PooledByteBufAllocator - -Dio.netty.allocator.normalCacheSize: 64
22:38:52.173 [main] DEBUG io.netty.buffer.PooledByteBufAllocator - -Dio.netty.allocator.maxCachedBufferCapacity: 32768
22:38:52.173 [main] DEBUG io.netty.buffer.PooledByteBufAllocator - -Dio.netty.allocator.cacheTrimInterval: 8192
22:38:52.174 [main] DEBUG io.netty.buffer.PooledByteBufAllocator - -Dio.netty.allocator.cacheTrimIntervalMillis: 0
22:38:52.174 [main] DEBUG io.netty.buffer.PooledByteBufAllocator - -Dio.netty.allocator.useCacheForAllThreads: false
22:38:52.174 [main] DEBUG io.netty.buffer.PooledByteBufAllocator - -Dio.netty.allocator.maxCachedByteBuffersPerChunk: 1023
22:38:52.182 [main] DEBUG io.netty.buffer.ByteBufUtil - -Dio.netty.allocator.type: pooled
22:38:52.182 [main] DEBUG io.netty.buffer.ByteBufUtil - -Dio.netty.threadLocalDirectBufferSize: 0
22:38:52.182 [main] DEBUG io.netty.buffer.ByteBufUtil - -Dio.netty.maxThreadLocalCharBufferSize: 16384
22:38:52.378 [Forwarding newSession on session null to remote] DEBUG io.netty.channel.DefaultChannelId - -Dio.netty.processId: 10944 (auto-detected)
22:38:52.379 [Forwarding newSession on session null to remote] DEBUG io.netty.util.NetUtil - -Djava.net.preferIPv4Stack: false
22:38:52.379 [Forwarding newSession on session null to remote] DEBUG io.netty.util.NetUtil - -Djava.net.preferIPv6Addresses: false
22:38:52.384 [Forwarding newSession on session null to remote] DEBUG io.netty.util.NetUtilInitializations - Loopback interface: lo (Software Loopback Interface 1, 127.0.0.1)
22:38:52.384 [Forwarding newSession on session null to remote] DEBUG io.netty.util.NetUtil - Failed to get SOMAXCONN from sysctl and file \proc\sys\net\core\somaxconn. Default: 200
22:38:52.386 [Forwarding newSession on session null to remote] DEBUG io.netty.channel.DefaultChannelId - -Dio.netty.machineId: 04:7c:16:ff:fe:0f:95:6a (auto-detected)
22:38:52.428 [AsyncHttpClient-1-2] DEBUG io.netty.buffer.AbstractByteBuf - -Dio.netty.buffer.checkAccessible: true
22:38:52.428 [AsyncHttpClient-1-2] DEBUG io.netty.buffer.AbstractByteBuf - -Dio.netty.buffer.checkBounds: true
22:38:52.428 [AsyncHttpClient-1-2] DEBUG io.netty.util.ResourceLeakDetectorFactory - Loaded default ResourceLeakDetector: io.netty.util.ResourceLeakDetector@5cf90ef8
22:38:52.436 [AsyncHttpClient-1-2] DEBUG org.asynchttpclient.netty.channel.NettyConnectListener - Using new Channel '[id: 0xc83d6ad6, L:/127.0.0.1:64827 - R:localhost/127.0.0.1:21675]' for 'POST' to '/session'
22:38:52.446 [AsyncHttpClient-1-2] DEBUG io.netty.util.Recycler - -Dio.netty.recycler.maxCapacityPerThread: 4096
22:38:52.446 [AsyncHttpClient-1-2] DEBUG io.netty.util.Recycler - -Dio.netty.recycler.ratio: 8
22:38:52.446 [AsyncHttpClient-1-2] DEBUG io.netty.util.Recycler - -Dio.netty.recycler.chunkSize: 32
22:38:52.446 [AsyncHttpClient-1-2] DEBUG io.netty.util.Recycler - -Dio.netty.recycler.blocking: false
22:38:53.102 [AsyncHttpClient-1-2] DEBUG io.netty.handler.codec.compression.Brotli - brotli4j not in the classpath; Brotli support will be unavailable.
22:38:53.103 [AsyncHttpClient-1-2] DEBUG org.asynchttpclient.netty.handler.HttpHandler - 

Request DefaultHttpRequest(decodeResult: success, version: HTTP/1.1)
POST /session HTTP/1.1
User-Agent: selenium/4.8.1 (java windows)
Content-Length: 507
Content-Type: application/json; charset=utf-8
host: localhost:21675
accept: */*

Response DefaultHttpResponse(decodeResult: success, version: HTTP/1.1)
HTTP/1.1 200 OK
Content-Length: 844
Content-Type: application/json; charset=utf-8
cache-control: no-cache

22:38:53.117 [AsyncHttpClient-1-2] DEBUG org.asynchttpclient.netty.channel.ChannelManager - Adding key: http://localhost:21675 for channel [id: 0xc83d6ad6, L:/127.0.0.1:64827 - R:localhost/127.0.0.1:21675]
22:38:53.151 [AsyncHttpClient-1-1] DEBUG org.asynchttpclient.netty.channel.DefaultChannelPool - Entry count for : http://localhost:21675 : 1
22:38:53.263 [AsyncHttpClient-1-3] DEBUG org.asynchttpclient.netty.channel.NettyConnectListener - Using new Channel '[id: 0x4bcbb9c7, L:/127.0.0.1:64834 - R:localhost/127.0.0.1:64828]' for 'GET' to '/json/version'
22:38:53.271 [AsyncHttpClient-1-3] DEBUG org.asynchttpclient.netty.handler.HttpHandler - 

Request DefaultFullHttpRequest(decodeResult: success, version: HTTP/1.1, content: EmptyByteBufBE)
GET /json/version HTTP/1.1
User-Agent: selenium/4.8.1 (java windows)
host: localhost:64828
accept: */*

Response DefaultHttpResponse(decodeResult: success, version: HTTP/1.1)
HTTP/1.1 200 OK
Content-Security-Policy: frame-ancestors 'none'
Content-Length: 422
Content-Type: application/json; charset=UTF-8

22:38:53.273 [AsyncHttpClient-1-3] DEBUG org.asynchttpclient.netty.channel.ChannelManager - Adding key: http://localhost:64828 for channel [id: 0x4bcbb9c7, L:/127.0.0.1:64834 - R:localhost/127.0.0.1:64828]
22:38:53.297 [main] DEBUG io.netty.util.internal.ThreadLocalRandom - -Dio.netty.initialSeedUniquifier: 0x80cedfd691cf720c
22:38:53.303 [AsyncHttpClient-1-4] DEBUG org.asynchttpclient.netty.channel.NettyConnectListener - Using new Channel '[id: 0x8cde0f91, L:/127.0.0.1:64835 - R:localhost/127.0.0.1:64828]' for 'GET' to '/devtools/browser/71c174ad-9b10-4471-a28c-bb6beb0e00d3'
22:38:53.309 [AsyncHttpClient-1-4] DEBUG org.asynchttpclient.netty.handler.WebSocketHandler - 

Request DefaultFullHttpRequest(decodeResult: success, version: HTTP/1.1, content: EmptyByteBufBE)
GET /devtools/browser/71c174ad-9b10-4471-a28c-bb6beb0e00d3 HTTP/1.1
upgrade: websocket
connection: upgrade
sec-websocket-key: huu9OPmcs/P6mdZt0urBYw==
sec-websocket-version: 13
origin: http://localhost:64828
host: localhost:64828
accept: */*
user-agent: AHC/2.1

Response DefaultHttpResponse(decodeResult: success, version: HTTP/1.1)
HTTP/1.1 101 WebSocket Protocol Handshake
Upgrade: WebSocket
Connection: Upgrade
Sec-WebSocket-Accept: Nuj6o68WkF32MGEnZN+piMCCdK0=

22:38:53.410 [Forwarding get on session 76e4defcf55027589f49a58343a2ff48 to remote] DEBUG org.asynchttpclient.netty.request.NettyRequestSender - Using pooled Channel '[id: 0xc83d6ad6, L:/127.0.0.1:64827 - R:localhost/127.0.0.1:21675]' for 'POST' to 'http://localhost:21675/session/76e4defcf55027589f49a58343a2ff48/url'
22:38:53.410 [Forwarding get on session 76e4defcf55027589f49a58343a2ff48 to remote] DEBUG org.asynchttpclient.netty.request.NettyRequestSender - Using open Channel [id: 0xc83d6ad6, L:/127.0.0.1:64827 - R:localhost/127.0.0.1:21675] for POST '/session/76e4defcf55027589f49a58343a2ff48/url'
22:38:53.994 [AsyncHttpClient-1-2] DEBUG org.asynchttpclient.netty.handler.HttpHandler - 

Request DefaultHttpRequest(decodeResult: success, version: HTTP/1.1)
POST /session/76e4defcf55027589f49a58343a2ff48/url HTTP/1.1
User-Agent: selenium/4.8.1 (java windows)
Content-Length: 56
Content-Type: application/json; charset=utf-8
host: localhost:21675
accept: */*

Response DefaultHttpResponse(decodeResult: success, version: HTTP/1.1)
HTTP/1.1 200 OK
Content-Length: 14
Content-Type: application/json; charset=utf-8
cache-control: no-cache

22:38:53.995 [AsyncHttpClient-1-2] DEBUG org.asynchttpclient.netty.channel.ChannelManager - Adding key: http://localhost:21675 for channel [id: 0xc83d6ad6, L:/127.0.0.1:64827 - R:localhost/127.0.0.1:21675]
22:38:54.008 [Forwarding setTimeout on session 76e4defcf55027589f49a58343a2ff48 to remote] DEBUG org.asynchttpclient.netty.request.NettyRequestSender - Using pooled Channel '[id: 0xc83d6ad6, L:/127.0.0.1:64827 - R:localhost/127.0.0.1:21675]' for 'POST' to 'http://localhost:21675/session/76e4defcf55027589f49a58343a2ff48/timeouts'
22:38:54.008 [Forwarding setTimeout on session 76e4defcf55027589f49a58343a2ff48 to remote] DEBUG org.asynchttpclient.netty.request.NettyRequestSender - Using open Channel [id: 0xc83d6ad6, L:/127.0.0.1:64827 - R:localhost/127.0.0.1:21675] for POST '/session/76e4defcf55027589f49a58343a2ff48/timeouts'
22:38:54.012 [AsyncHttpClient-1-2] DEBUG org.asynchttpclient.netty.handler.HttpHandler - 

Request DefaultHttpRequest(decodeResult: success, version: HTTP/1.1)
POST /session/76e4defcf55027589f49a58343a2ff48/timeouts HTTP/1.1
User-Agent: selenium/4.8.1 (java windows)
Content-Length: 22
Content-Type: application/json; charset=utf-8
host: localhost:21675
accept: */*

Response DefaultHttpResponse(decodeResult: success, version: HTTP/1.1)
HTTP/1.1 200 OK
Content-Length: 14
Content-Type: application/json; charset=utf-8
cache-control: no-cache

22:38:54.014 [AsyncHttpClient-1-2] DEBUG org.asynchttpclient.netty.channel.ChannelManager - Adding key: http://localhost:21675 for channel [id: 0xc83d6ad6, L:/127.0.0.1:64827 - R:localhost/127.0.0.1:21675]
22:38:54.096 [main] DEBUG net.serenitybdd.core.photography.Darkroom - Opening darkroom
22:38:54.098 [Darkroom Processing Line] DEBUG net.serenitybdd.core.photography.DarkroomProcessingLine - Darkroom processing line starting up
22:38:54.120 [Forwarding getAlertText on session 76e4defcf55027589f49a58343a2ff48 to remote] DEBUG org.asynchttpclient.netty.request.NettyRequestSender - Using pooled Channel '[id: 0xc83d6ad6, L:/127.0.0.1:64827 - R:localhost/127.0.0.1:21675]' for 'GET' to 'http://localhost:21675/session/76e4defcf55027589f49a58343a2ff48/alert/text'
22:38:54.120 [Forwarding getAlertText on session 76e4defcf55027589f49a58343a2ff48 to remote] DEBUG org.asynchttpclient.netty.request.NettyRequestSender - Using open Channel [id: 0xc83d6ad6, L:/127.0.0.1:64827 - R:localhost/127.0.0.1:21675] for GET '/session/76e4defcf55027589f49a58343a2ff48/alert/text'
22:38:54.124 [AsyncHttpClient-1-2] DEBUG org.asynchttpclient.netty.handler.HttpHandler - 

Request DefaultFullHttpRequest(decodeResult: success, version: HTTP/1.1, content: EmptyByteBufBE)
GET /session/76e4defcf55027589f49a58343a2ff48/alert/text HTTP/1.1
User-Agent: selenium/4.8.1 (java windows)
Cache-Control: no-cache
Content-Type: application/json; charset=utf-8
host: localhost:21675
accept: */*

Response DefaultHttpResponse(decodeResult: success, version: HTTP/1.1)
HTTP/1.1 404 Not Found
Content-Length: 847
Content-Type: application/json; charset=utf-8
cache-control: no-cache

22:38:54.125 [AsyncHttpClient-1-2] DEBUG org.asynchttpclient.netty.channel.ChannelManager - Adding key: http://localhost:21675 for channel [id: 0xc83d6ad6, L:/127.0.0.1:64827 - R:localhost/127.0.0.1:21675]
22:38:54.136 [Forwarding getCurrentUrl on session 76e4defcf55027589f49a58343a2ff48 to remote] DEBUG org.asynchttpclient.netty.request.NettyRequestSender - Using pooled Channel '[id: 0xc83d6ad6, L:/127.0.0.1:64827 - R:localhost/127.0.0.1:21675]' for 'GET' to 'http://localhost:21675/session/76e4defcf55027589f49a58343a2ff48/url'
22:38:54.136 [Forwarding getCurrentUrl on session 76e4defcf55027589f49a58343a2ff48 to remote] DEBUG org.asynchttpclient.netty.request.NettyRequestSender - Using open Channel [id: 0xc83d6ad6, L:/127.0.0.1:64827 - R:localhost/127.0.0.1:21675] for GET '/session/76e4defcf55027589f49a58343a2ff48/url'
22:38:54.145 [AsyncHttpClient-1-2] DEBUG org.asynchttpclient.netty.handler.HttpHandler - 

Request DefaultFullHttpRequest(decodeResult: success, version: HTTP/1.1, content: EmptyByteBufBE)
GET /session/76e4defcf55027589f49a58343a2ff48/url HTTP/1.1
User-Agent: selenium/4.8.1 (java windows)
Cache-Control: no-cache
Content-Type: application/json; charset=utf-8
host: localhost:21675
accept: */*

Response DefaultHttpResponse(decodeResult: success, version: HTTP/1.1)
HTTP/1.1 200 OK
Content-Length: 38
Content-Type: application/json; charset=utf-8
cache-control: no-cache

22:38:54.147 [AsyncHttpClient-1-2] DEBUG org.asynchttpclient.netty.channel.ChannelManager - Adding key: http://localhost:21675 for channel [id: 0xc83d6ad6, L:/127.0.0.1:64827 - R:localhost/127.0.0.1:21675]
22:38:54.160 [Forwarding screenshot on session 76e4defcf55027589f49a58343a2ff48 to remote] DEBUG org.asynchttpclient.netty.request.NettyRequestSender - Using pooled Channel '[id: 0xc83d6ad6, L:/127.0.0.1:64827 - R:localhost/127.0.0.1:21675]' for 'GET' to 'http://localhost:21675/session/76e4defcf55027589f49a58343a2ff48/screenshot'
22:38:54.162 [Forwarding screenshot on session 76e4defcf55027589f49a58343a2ff48 to remote] DEBUG org.asynchttpclient.netty.request.NettyRequestSender - Using open Channel [id: 0xc83d6ad6, L:/127.0.0.1:64827 - R:localhost/127.0.0.1:21675] for GET '/session/76e4defcf55027589f49a58343a2ff48/screenshot'
22:38:54.252 [AsyncHttpClient-1-1] DEBUG org.asynchttpclient.netty.channel.DefaultChannelPool - Entry count for : http://localhost:64828 : 1
22:38:54.263 [AsyncHttpClient-1-2] DEBUG org.asynchttpclient.netty.handler.HttpHandler - 

Request DefaultFullHttpRequest(decodeResult: success, version: HTTP/1.1, content: EmptyByteBufBE)
GET /session/76e4defcf55027589f49a58343a2ff48/screenshot HTTP/1.1
User-Agent: selenium/4.8.1 (java windows)
Cache-Control: no-cache
Content-Type: application/json; charset=utf-8
host: localhost:21675
accept: */*

Response DefaultHttpResponse(decodeResult: success, version: HTTP/1.1)
HTTP/1.1 200 OK
Content-Length: 38300
Content-Type: application/json; charset=utf-8
cache-control: no-cache

22:38:54.266 [AsyncHttpClient-1-2] DEBUG org.asynchttpclient.netty.channel.ChannelManager - Adding key: http://localhost:21675 for channel [id: 0xc83d6ad6, L:/127.0.0.1:64827 - R:localhost/127.0.0.1:21675]
22:38:54.373 [main] DEBUG net.serenitybdd.core.photography.Darkroom - Send negative for processing for target\site\serenity\8f10553047082774536c389e00d38148fa974395161718460e3add875529f38d.png
22:38:54.373 [Darkroom Processing Line] DEBUG net.serenitybdd.core.photography.DarkroomProcessingLine - Processing screenshot image in /var/screenshots/screenshot-3711607224955850257
22:38:54.373 [Darkroom Processing Line] DEBUG net.serenitybdd.core.photography.DarkroomProcessingLine - Saving screenshot to target\site\serenity\8f10553047082774536c389e00d38148fa974395161718460e3add875529f38d.png
22:38:54.378 [Forwarding getPageSource on session 76e4defcf55027589f49a58343a2ff48 to remote] DEBUG org.asynchttpclient.netty.request.NettyRequestSender - Using pooled Channel '[id: 0xc83d6ad6, L:/127.0.0.1:64827 - R:localhost/127.0.0.1:21675]' for 'POST' to 'http://localhost:21675/session/76e4defcf55027589f49a58343a2ff48/execute/sync'
22:38:54.379 [Forwarding getPageSource on session 76e4defcf55027589f49a58343a2ff48 to remote] DEBUG org.asynchttpclient.netty.request.NettyRequestSender - Using open Channel [id: 0xc83d6ad6, L:/127.0.0.1:64827 - R:localhost/127.0.0.1:21675] for POST '/session/76e4defcf55027589f49a58343a2ff48/execute/sync'
22:38:54.387 [AsyncHttpClient-1-2] DEBUG org.asynchttpclient.netty.handler.HttpHandler - 

Request DefaultHttpRequest(decodeResult: success, version: HTTP/1.1)
POST /session/76e4defcf55027589f49a58343a2ff48/execute/sync HTTP/1.1
User-Agent: selenium/4.8.1 (java windows)
Content-Length: 176
Content-Type: application/json; charset=utf-8
host: localhost:21675
accept: */*

Response DefaultHttpResponse(decodeResult: success, version: HTTP/1.1)
HTTP/1.1 200 OK
Content-Length: 4286
Content-Type: application/json; charset=utf-8
cache-control: no-cache

22:38:54.387 [AsyncHttpClient-1-2] DEBUG org.asynchttpclient.netty.channel.ChannelManager - Adding key: http://localhost:21675 for channel [id: 0xc83d6ad6, L:/127.0.0.1:64827 - R:localhost/127.0.0.1:21675]
22:38:54.453 [Forwarding getCurrentUrl on session 76e4defcf55027589f49a58343a2ff48 to remote] DEBUG org.asynchttpclient.netty.request.NettyRequestSender - Using pooled Channel '[id: 0xc83d6ad6, L:/127.0.0.1:64827 - R:localhost/127.0.0.1:21675]' for 'GET' to 'http://localhost:21675/session/76e4defcf55027589f49a58343a2ff48/url'
22:38:54.453 [Forwarding getCurrentUrl on session 76e4defcf55027589f49a58343a2ff48 to remote] DEBUG org.asynchttpclient.netty.request.NettyRequestSender - Using open Channel [id: 0xc83d6ad6, L:/127.0.0.1:64827 - R:localhost/127.0.0.1:21675] for GET '/session/76e4defcf55027589f49a58343a2ff48/url'
22:38:54.456 [AsyncHttpClient-1-2] DEBUG org.asynchttpclient.netty.handler.HttpHandler - 

Request DefaultFullHttpRequest(decodeResult: success, version: HTTP/1.1, content: EmptyByteBufBE)
GET /session/76e4defcf55027589f49a58343a2ff48/url HTTP/1.1
User-Agent: selenium/4.8.1 (java windows)
Cache-Control: no-cache
Content-Type: application/json; charset=utf-8
host: localhost:21675
accept: */*

Response DefaultHttpResponse(decodeResult: success, version: HTTP/1.1)
HTTP/1.1 200 OK
Content-Length: 38
Content-Type: application/json; charset=utf-8
cache-control: no-cache

22:38:54.456 [AsyncHttpClient-1-2] DEBUG org.asynchttpclient.netty.channel.ChannelManager - Adding key: http://localhost:21675 for channel [id: 0xc83d6ad6, L:/127.0.0.1:64827 - R:localhost/127.0.0.1:21675]
22:38:54.461 [main] DEBUG net.thucydides.core.steps.StepInterceptor - STARTING STEP: LoginSteps.onTheLoginPage - validateOnLoginPage
22:38:54.493 [Forwarding findElement on session 76e4defcf55027589f49a58343a2ff48 to remote] DEBUG org.asynchttpclient.netty.request.NettyRequestSender - Using pooled Channel '[id: 0xc83d6ad6, L:/127.0.0.1:64827 - R:localhost/127.0.0.1:21675]' for 'POST' to 'http://localhost:21675/session/76e4defcf55027589f49a58343a2ff48/element'
22:38:54.494 [Forwarding findElement on session 76e4defcf55027589f49a58343a2ff48 to remote] DEBUG org.asynchttpclient.netty.request.NettyRequestSender - Using open Channel [id: 0xc83d6ad6, L:/127.0.0.1:64827 - R:localhost/127.0.0.1:21675] for POST '/session/76e4defcf55027589f49a58343a2ff48/element'
22:38:54.508 [AsyncHttpClient-1-2] DEBUG org.asynchttpclient.netty.handler.HttpHandler - 

Request DefaultHttpRequest(decodeResult: success, version: HTTP/1.1)
POST /session/76e4defcf55027589f49a58343a2ff48/element HTTP/1.1
User-Agent: selenium/4.8.1 (java windows)
Content-Length: 59
Content-Type: application/json; charset=utf-8
host: localhost:21675
accept: */*

Response DefaultHttpResponse(decodeResult: success, version: HTTP/1.1)
HTTP/1.1 200 OK
Content-Length: 88
Content-Type: application/json; charset=utf-8
cache-control: no-cache

22:38:54.508 [AsyncHttpClient-1-2] DEBUG org.asynchttpclient.netty.channel.ChannelManager - Adding key: http://localhost:21675 for channel [id: 0xc83d6ad6, L:/127.0.0.1:64827 - R:localhost/127.0.0.1:21675]
22:38:54.516 [Forwarding isElementDisplayed on session 76e4defcf55027589f49a58343a2ff48 to remote] DEBUG org.asynchttpclient.netty.request.NettyRequestSender - Using pooled Channel '[id: 0xc83d6ad6, L:/127.0.0.1:64827 - R:localhost/127.0.0.1:21675]' for 'POST' to 'http://localhost:21675/session/76e4defcf55027589f49a58343a2ff48/execute/sync'
22:38:54.516 [Forwarding isElementDisplayed on session 76e4defcf55027589f49a58343a2ff48 to remote] DEBUG org.asynchttpclient.netty.request.NettyRequestSender - Using open Channel [id: 0xc83d6ad6, L:/127.0.0.1:64827 - R:localhost/127.0.0.1:21675] for POST '/session/76e4defcf55027589f49a58343a2ff48/execute/sync'
22:38:54.530 [AsyncHttpClient-1-2] DEBUG org.asynchttpclient.netty.handler.HttpHandler - 

Request DefaultHttpRequest(decodeResult: success, version: HTTP/1.1)
POST /session/76e4defcf55027589f49a58343a2ff48/execute/sync HTTP/1.1
User-Agent: selenium/4.8.1 (java windows)
Content-Length: 48807
Content-Type: application/json; charset=utf-8
host: localhost:21675
accept: */*

Response DefaultHttpResponse(decodeResult: success, version: HTTP/1.1)
HTTP/1.1 200 OK
Content-Length: 14
Content-Type: application/json; charset=utf-8
cache-control: no-cache

22:38:54.530 [AsyncHttpClient-1-2] DEBUG org.asynchttpclient.netty.channel.ChannelManager - Adding key: http://localhost:21675 for channel [id: 0xc83d6ad6, L:/127.0.0.1:64827 - R:localhost/127.0.0.1:21675]
22:38:54.537 [Forwarding getAlertText on session 76e4defcf55027589f49a58343a2ff48 to remote] DEBUG org.asynchttpclient.netty.request.NettyRequestSender - Using pooled Channel '[id: 0xc83d6ad6, L:/127.0.0.1:64827 - R:localhost/127.0.0.1:21675]' for 'GET' to 'http://localhost:21675/session/76e4defcf55027589f49a58343a2ff48/alert/text'
22:38:54.537 [Forwarding getAlertText on session 76e4defcf55027589f49a58343a2ff48 to remote] DEBUG org.asynchttpclient.netty.request.NettyRequestSender - Using open Channel [id: 0xc83d6ad6, L:/127.0.0.1:64827 - R:localhost/127.0.0.1:21675] for GET '/session/76e4defcf55027589f49a58343a2ff48/alert/text'
22:38:54.540 [AsyncHttpClient-1-2] DEBUG org.asynchttpclient.netty.handler.HttpHandler - 

Request DefaultFullHttpRequest(decodeResult: success, version: HTTP/1.1, content: EmptyByteBufBE)
GET /session/76e4defcf55027589f49a58343a2ff48/alert/text HTTP/1.1
User-Agent: selenium/4.8.1 (java windows)
Cache-Control: no-cache
Content-Type: application/json; charset=utf-8
host: localhost:21675
accept: */*

Response DefaultHttpResponse(decodeResult: success, version: HTTP/1.1)
HTTP/1.1 404 Not Found
Content-Length: 847
Content-Type: application/json; charset=utf-8
cache-control: no-cache

22:38:54.540 [AsyncHttpClient-1-2] DEBUG org.asynchttpclient.netty.channel.ChannelManager - Adding key: http://localhost:21675 for channel [id: 0xc83d6ad6, L:/127.0.0.1:64827 - R:localhost/127.0.0.1:21675]
22:38:54.541 [Forwarding getCurrentUrl on session 76e4defcf55027589f49a58343a2ff48 to remote] DEBUG org.asynchttpclient.netty.request.NettyRequestSender - Using pooled Channel '[id: 0xc83d6ad6, L:/127.0.0.1:64827 - R:localhost/127.0.0.1:21675]' for 'GET' to 'http://localhost:21675/session/76e4defcf55027589f49a58343a2ff48/url'
22:38:54.541 [Forwarding getCurrentUrl on session 76e4defcf55027589f49a58343a2ff48 to remote] DEBUG org.asynchttpclient.netty.request.NettyRequestSender - Using open Channel [id: 0xc83d6ad6, L:/127.0.0.1:64827 - R:localhost/127.0.0.1:21675] for GET '/session/76e4defcf55027589f49a58343a2ff48/url'
22:38:54.544 [AsyncHttpClient-1-2] DEBUG org.asynchttpclient.netty.handler.HttpHandler - 

Request DefaultFullHttpRequest(decodeResult: success, version: HTTP/1.1, content: EmptyByteBufBE)
GET /session/76e4defcf55027589f49a58343a2ff48/url HTTP/1.1
User-Agent: selenium/4.8.1 (java windows)
Cache-Control: no-cache
Content-Type: application/json; charset=utf-8
host: localhost:21675
accept: */*

Response DefaultHttpResponse(decodeResult: success, version: HTTP/1.1)
HTTP/1.1 200 OK
Content-Length: 38
Content-Type: application/json; charset=utf-8
cache-control: no-cache

22:38:54.545 [AsyncHttpClient-1-2] DEBUG org.asynchttpclient.netty.channel.ChannelManager - Adding key: http://localhost:21675 for channel [id: 0xc83d6ad6, L:/127.0.0.1:64827 - R:localhost/127.0.0.1:21675]
22:38:54.546 [Forwarding screenshot on session 76e4defcf55027589f49a58343a2ff48 to remote] DEBUG org.asynchttpclient.netty.request.NettyRequestSender - Using pooled Channel '[id: 0xc83d6ad6, L:/127.0.0.1:64827 - R:localhost/127.0.0.1:21675]' for 'GET' to 'http://localhost:21675/session/76e4defcf55027589f49a58343a2ff48/screenshot'
22:38:54.546 [Forwarding screenshot on session 76e4defcf55027589f49a58343a2ff48 to remote] DEBUG org.asynchttpclient.netty.request.NettyRequestSender - Using open Channel [id: 0xc83d6ad6, L:/127.0.0.1:64827 - R:localhost/127.0.0.1:21675] for GET '/session/76e4defcf55027589f49a58343a2ff48/screenshot'
22:38:54.642 [AsyncHttpClient-1-2] DEBUG org.asynchttpclient.netty.handler.HttpHandler - 

Request DefaultFullHttpRequest(decodeResult: success, version: HTTP/1.1, content: EmptyByteBufBE)
GET /session/76e4defcf55027589f49a58343a2ff48/screenshot HTTP/1.1
User-Agent: selenium/4.8.1 (java windows)
Cache-Control: no-cache
Content-Type: application/json; charset=utf-8
host: localhost:21675
accept: */*

Response DefaultHttpResponse(decodeResult: success, version: HTTP/1.1)
HTTP/1.1 200 OK
Content-Length: 38300
Content-Type: application/json; charset=utf-8
cache-control: no-cache

22:38:54.643 [AsyncHttpClient-1-2] DEBUG org.asynchttpclient.netty.channel.ChannelManager - Adding key: http://localhost:21675 for channel [id: 0xc83d6ad6, L:/127.0.0.1:64827 - R:localhost/127.0.0.1:21675]
22:38:54.647 [main] DEBUG net.serenitybdd.core.photography.Darkroom - Send negative for processing for target\site\serenity\8f10553047082774536c389e00d38148fa974395161718460e3add875529f38d.png
22:38:54.650 [main] DEBUG net.thucydides.core.steps.StepInterceptor - STEP DONE: validateOnLoginPage
  &amp#27;[32mGiven &amp#27;[0m&amp#27;[32mI am on the login page&amp#27;[0m                    &amp#27;[90m# starter.stepdefinitions.LoginSteps.onTheLoginPage()&amp#27;[0m
22:38:54.673 [Forwarding getPageSource on session 76e4defcf55027589f49a58343a2ff48 to remote] DEBUG org.asynchttpclient.netty.request.NettyRequestSender - Using pooled Channel '[id: 0xc83d6ad6, L:/127.0.0.1:64827 - R:localhost/127.0.0.1:21675]' for 'POST' to 'http://localhost:21675/session/76e4defcf55027589f49a58343a2ff48/execute/sync'
22:38:54.673 [Forwarding getPageSource on session 76e4defcf55027589f49a58343a2ff48 to remote] DEBUG org.asynchttpclient.netty.request.NettyRequestSender - Using open Channel [id: 0xc83d6ad6, L:/127.0.0.1:64827 - R:localhost/127.0.0.1:21675] for POST '/session/76e4defcf55027589f49a58343a2ff48/execute/sync'
22:38:54.677 [AsyncHttpClient-1-2] DEBUG org.asynchttpclient.netty.handler.HttpHandler - 

Request DefaultHttpRequest(decodeResult: success, version: HTTP/1.1)
POST /session/76e4defcf55027589f49a58343a2ff48/execute/sync HTTP/1.1
User-Agent: selenium/4.8.1 (java windows)
Content-Length: 176
Content-Type: application/json; charset=utf-8
host: localhost:21675
accept: */*

Response DefaultHttpResponse(decodeResult: success, version: HTTP/1.1)
HTTP/1.1 200 OK
Content-Length: 4286
Content-Type: application/json; charset=utf-8
cache-control: no-cache

22:38:54.677 [AsyncHttpClient-1-2] DEBUG org.asynchttpclient.netty.channel.ChannelManager - Adding key: http://localhost:21675 for channel [id: 0xc83d6ad6, L:/127.0.0.1:64827 - R:localhost/127.0.0.1:21675]
22:38:54.683 [Forwarding getCurrentUrl on session 76e4defcf55027589f49a58343a2ff48 to remote] DEBUG org.asynchttpclient.netty.request.NettyRequestSender - Using pooled Channel '[id: 0xc83d6ad6, L:/127.0.0.1:64827 - R:localhost/127.0.0.1:21675]' for 'GET' to 'http://localhost:21675/session/76e4defcf55027589f49a58343a2ff48/url'
22:38:54.683 [Forwarding getCurrentUrl on session 76e4defcf55027589f49a58343a2ff48 to remote] DEBUG org.asynchttpclient.netty.request.NettyRequestSender - Using open Channel [id: 0xc83d6ad6, L:/127.0.0.1:64827 - R:localhost/127.0.0.1:21675] for GET '/session/76e4defcf55027589f49a58343a2ff48/url'
22:38:54.685 [AsyncHttpClient-1-2] DEBUG org.asynchttpclient.netty.handler.HttpHandler - 

Request DefaultFullHttpRequest(decodeResult: success, version: HTTP/1.1, content: EmptyByteBufBE)
GET /session/76e4defcf55027589f49a58343a2ff48/url HTTP/1.1
User-Agent: selenium/4.8.1 (java windows)
Cache-Control: no-cache
Content-Type: application/json; charset=utf-8
host: localhost:21675
accept: */*

Response DefaultHttpResponse(decodeResult: success, version: HTTP/1.1)
HTTP/1.1 200 OK
Content-Length: 38
Content-Type: application/json; charset=utf-8
cache-control: no-cache

22:38:54.686 [AsyncHttpClient-1-2] DEBUG org.asynchttpclient.netty.channel.ChannelManager - Adding key: http://localhost:21675 for channel [id: 0xc83d6ad6, L:/127.0.0.1:64827 - R:localhost/127.0.0.1:21675]
22:38:54.704 [Forwarding getAlertText on session 76e4defcf55027589f49a58343a2ff48 to remote] DEBUG org.asynchttpclient.netty.request.NettyRequestSender - Using pooled Channel '[id: 0xc83d6ad6, L:/127.0.0.1:64827 - R:localhost/127.0.0.1:21675]' for 'GET' to 'http://localhost:21675/session/76e4defcf55027589f49a58343a2ff48/alert/text'
22:38:54.705 [Forwarding getAlertText on session 76e4defcf55027589f49a58343a2ff48 to remote] DEBUG org.asynchttpclient.netty.request.NettyRequestSender - Using open Channel [id: 0xc83d6ad6, L:/127.0.0.1:64827 - R:localhost/127.0.0.1:21675] for GET '/session/76e4defcf55027589f49a58343a2ff48/alert/text'
22:38:54.708 [AsyncHttpClient-1-2] DEBUG org.asynchttpclient.netty.handler.HttpHandler - 

Request DefaultFullHttpRequest(decodeResult: success, version: HTTP/1.1, content: EmptyByteBufBE)
GET /session/76e4defcf55027589f49a58343a2ff48/alert/text HTTP/1.1
User-Agent: selenium/4.8.1 (java windows)
Cache-Control: no-cache
Content-Type: application/json; charset=utf-8
host: localhost:21675
accept: */*

Response DefaultHttpResponse(decodeResult: success, version: HTTP/1.1)
HTTP/1.1 404 Not Found
Content-Length: 847
Content-Type: application/json; charset=utf-8
cache-control: no-cache

22:38:54.709 [AsyncHttpClient-1-2] DEBUG org.asynchttpclient.netty.channel.ChannelManager - Adding key: http://localhost:21675 for channel [id: 0xc83d6ad6, L:/127.0.0.1:64827 - R:localhost/127.0.0.1:21675]
22:38:54.711 [Forwarding getCurrentUrl on session 76e4defcf55027589f49a58343a2ff48 to remote] DEBUG org.asynchttpclient.netty.request.NettyRequestSender - Using pooled Channel '[id: 0xc83d6ad6, L:/127.0.0.1:64827 - R:localhost/127.0.0.1:21675]' for 'GET' to 'http://localhost:21675/session/76e4defcf55027589f49a58343a2ff48/url'
22:38:54.711 [Forwarding getCurrentUrl on session 76e4defcf55027589f49a58343a2ff48 to remote] DEBUG org.asynchttpclient.netty.request.NettyRequestSender - Using open Channel [id: 0xc83d6ad6, L:/127.0.0.1:64827 - R:localhost/127.0.0.1:21675] for GET '/session/76e4defcf55027589f49a58343a2ff48/url'
22:38:54.714 [AsyncHttpClient-1-2] DEBUG org.asynchttpclient.netty.handler.HttpHandler - 

Request DefaultFullHttpRequest(decodeResult: success, version: HTTP/1.1, content: EmptyByteBufBE)
GET /session/76e4defcf55027589f49a58343a2ff48/url HTTP/1.1
User-Agent: selenium/4.8.1 (java windows)
Cache-Control: no-cache
Content-Type: application/json; charset=utf-8
host: localhost:21675
accept: */*

Response DefaultHttpResponse(decodeResult: success, version: HTTP/1.1)
HTTP/1.1 200 OK
Content-Length: 38
Content-Type: application/json; charset=utf-8
cache-control: no-cache

22:38:54.714 [AsyncHttpClient-1-2] DEBUG org.asynchttpclient.netty.channel.ChannelManager - Adding key: http://localhost:21675 for channel [id: 0xc83d6ad6, L:/127.0.0.1:64827 - R:localhost/127.0.0.1:21675]
22:38:54.715 [Forwarding screenshot on session 76e4defcf55027589f49a58343a2ff48 to remote] DEBUG org.asynchttpclient.netty.request.NettyRequestSender - Using pooled Channel '[id: 0xc83d6ad6, L:/127.0.0.1:64827 - R:localhost/127.0.0.1:21675]' for 'GET' to 'http://localhost:21675/session/76e4defcf55027589f49a58343a2ff48/screenshot'
22:38:54.715 [Forwarding screenshot on session 76e4defcf55027589f49a58343a2ff48 to remote] DEBUG org.asynchttpclient.netty.request.NettyRequestSender - Using open Channel [id: 0xc83d6ad6, L:/127.0.0.1:64827 - R:localhost/127.0.0.1:21675] for GET '/session/76e4defcf55027589f49a58343a2ff48/screenshot'
22:38:54.788 [AsyncHttpClient-1-2] DEBUG org.asynchttpclient.netty.handler.HttpHandler - 

Request DefaultFullHttpRequest(decodeResult: success, version: HTTP/1.1, content: EmptyByteBufBE)
GET /session/76e4defcf55027589f49a58343a2ff48/screenshot HTTP/1.1
User-Agent: selenium/4.8.1 (java windows)
Cache-Control: no-cache
Content-Type: application/json; charset=utf-8
host: localhost:21675
accept: */*

Response DefaultHttpResponse(decodeResult: success, version: HTTP/1.1)
HTTP/1.1 200 OK
Content-Length: 38300
Content-Type: application/json; charset=utf-8
cache-control: no-cache

22:38:54.789 [AsyncHttpClient-1-2] DEBUG org.asynchttpclient.netty.channel.ChannelManager - Adding key: http://localhost:21675 for channel [id: 0xc83d6ad6, L:/127.0.0.1:64827 - R:localhost/127.0.0.1:21675]
22:38:54.792 [main] DEBUG net.serenitybdd.core.photography.Darkroom - Send negative for processing for target\site\serenity\8f10553047082774536c389e00d38148fa974395161718460e3add875529f38d.png
22:38:54.795 [Forwarding getPageSource on session 76e4defcf55027589f49a58343a2ff48 to remote] DEBUG org.asynchttpclient.netty.request.NettyRequestSender - Using pooled Channel '[id: 0xc83d6ad6, L:/127.0.0.1:64827 - R:localhost/127.0.0.1:21675]' for 'POST' to 'http://localhost:21675/session/76e4defcf55027589f49a58343a2ff48/execute/sync'
22:38:54.795 [Forwarding getPageSource on session 76e4defcf55027589f49a58343a2ff48 to remote] DEBUG org.asynchttpclient.netty.request.NettyRequestSender - Using open Channel [id: 0xc83d6ad6, L:/127.0.0.1:64827 - R:localhost/127.0.0.1:21675] for POST '/session/76e4defcf55027589f49a58343a2ff48/execute/sync'
22:38:54.801 [AsyncHttpClient-1-2] DEBUG org.asynchttpclient.netty.handler.HttpHandler - 

Request DefaultHttpRequest(decodeResult: success, version: HTTP/1.1)
POST /session/76e4defcf55027589f49a58343a2ff48/execute/sync HTTP/1.1
User-Agent: selenium/4.8.1 (java windows)
Content-Length: 176
Content-Type: application/json; charset=utf-8
host: localhost:21675
accept: */*

Response DefaultHttpResponse(decodeResult: success, version: HTTP/1.1)
HTTP/1.1 200 OK
Content-Length: 4286
Content-Type: application/json; charset=utf-8
cache-control: no-cache

22:38:54.801 [AsyncHttpClient-1-2] DEBUG org.asynchttpclient.netty.channel.ChannelManager - Adding key: http://localhost:21675 for channel [id: 0xc83d6ad6, L:/127.0.0.1:64827 - R:localhost/127.0.0.1:21675]
22:38:54.808 [Forwarding getCurrentUrl on session 76e4defcf55027589f49a58343a2ff48 to remote] DEBUG org.asynchttpclient.netty.request.NettyRequestSender - Using pooled Channel '[id: 0xc83d6ad6, L:/127.0.0.1:64827 - R:localhost/127.0.0.1:21675]' for 'GET' to 'http://localhost:21675/session/76e4defcf55027589f49a58343a2ff48/url'
22:38:54.809 [Forwarding getCurrentUrl on session 76e4defcf55027589f49a58343a2ff48 to remote] DEBUG org.asynchttpclient.netty.request.NettyRequestSender - Using open Channel [id: 0xc83d6ad6, L:/127.0.0.1:64827 - R:localhost/127.0.0.1:21675] for GET '/session/76e4defcf55027589f49a58343a2ff48/url'
22:38:54.813 [AsyncHttpClient-1-2] DEBUG org.asynchttpclient.netty.handler.HttpHandler - 

Request DefaultFullHttpRequest(decodeResult: success, version: HTTP/1.1, content: EmptyByteBufBE)
GET /session/76e4defcf55027589f49a58343a2ff48/url HTTP/1.1
User-Agent: selenium/4.8.1 (java windows)
Cache-Control: no-cache
Content-Type: application/json; charset=utf-8
host: localhost:21675
accept: */*

Response DefaultHttpResponse(decodeResult: success, version: HTTP/1.1)
HTTP/1.1 200 OK
Content-Length: 38
Content-Type: application/json; charset=utf-8
cache-control: no-cache

22:38:54.814 [AsyncHttpClient-1-2] DEBUG org.asynchttpclient.netty.channel.ChannelManager - Adding key: http://localhost:21675 for channel [id: 0xc83d6ad6, L:/127.0.0.1:64827 - R:localhost/127.0.0.1:21675]
22:38:54.820 [main] DEBUG net.thucydides.core.steps.StepInterceptor - STARTING STEP: LoginSteps.enterValidUsername - inputUsername
22:38:54.826 [Forwarding findElement on session 76e4defcf55027589f49a58343a2ff48 to remote] DEBUG org.asynchttpclient.netty.request.NettyRequestSender - Using pooled Channel '[id: 0xc83d6ad6, L:/127.0.0.1:64827 - R:localhost/127.0.0.1:21675]' for 'POST' to 'http://localhost:21675/session/76e4defcf55027589f49a58343a2ff48/element'
22:38:54.826 [Forwarding findElement on session 76e4defcf55027589f49a58343a2ff48 to remote] DEBUG org.asynchttpclient.netty.request.NettyRequestSender - Using open Channel [id: 0xc83d6ad6, L:/127.0.0.1:64827 - R:localhost/127.0.0.1:21675] for POST '/session/76e4defcf55027589f49a58343a2ff48/element'
22:38:54.836 [AsyncHttpClient-1-2] DEBUG org.asynchttpclient.netty.handler.HttpHandler - 

Request DefaultHttpRequest(decodeResult: success, version: HTTP/1.1)
POST /session/76e4defcf55027589f49a58343a2ff48/element HTTP/1.1
User-Agent: selenium/4.8.1 (java windows)
Content-Length: 56
Content-Type: application/json; charset=utf-8
host: localhost:21675
accept: */*

Response DefaultHttpResponse(decodeResult: success, version: HTTP/1.1)
HTTP/1.1 200 OK
Content-Length: 88
Content-Type: application/json; charset=utf-8
cache-control: no-cache

22:38:54.837 [AsyncHttpClient-1-2] DEBUG org.asynchttpclient.netty.channel.ChannelManager - Adding key: http://localhost:21675 for channel [id: 0xc83d6ad6, L:/127.0.0.1:64827 - R:localhost/127.0.0.1:21675]
22:38:54.841 [Forwarding clearElement on session 76e4defcf55027589f49a58343a2ff48 to remote] DEBUG org.asynchttpclient.netty.request.NettyRequestSender - Using pooled Channel '[id: 0xc83d6ad6, L:/127.0.0.1:64827 - R:localhost/127.0.0.1:21675]' for 'POST' to 'http://localhost:21675/session/76e4defcf55027589f49a58343a2ff48/element/516baa5e-467c-4189-a9e3-d9f10f0f6c7f/clear'
22:38:54.841 [Forwarding clearElement on session 76e4defcf55027589f49a58343a2ff48 to remote] DEBUG org.asynchttpclient.netty.request.NettyRequestSender - Using open Channel [id: 0xc83d6ad6, L:/127.0.0.1:64827 - R:localhost/127.0.0.1:21675] for POST '/session/76e4defcf55027589f49a58343a2ff48/element/516baa5e-467c-4189-a9e3-d9f10f0f6c7f/clear'
22:38:54.866 [AsyncHttpClient-1-2] DEBUG org.asynchttpclient.netty.handler.HttpHandler - 

Request DefaultHttpRequest(decodeResult: success, version: HTTP/1.1)
POST /session/76e4defcf55027589f49a58343a2ff48/element/516baa5e-467c-4189-a9e3-d9f10f0f6c7f/clear HTTP/1.1
User-Agent: selenium/4.8.1 (java windows)
Content-Length: 50
Content-Type: application/json; charset=utf-8
host: localhost:21675
accept: */*

Response DefaultHttpResponse(decodeResult: success, version: HTTP/1.1)
HTTP/1.1 200 OK
Content-Length: 14
Content-Type: application/json; charset=utf-8
cache-control: no-cache

22:38:54.866 [AsyncHttpClient-1-2] DEBUG org.asynchttpclient.netty.channel.ChannelManager - Adding key: http://localhost:21675 for channel [id: 0xc83d6ad6, L:/127.0.0.1:64827 - R:localhost/127.0.0.1:21675]
22:38:54.870 [Forwarding sendKeysToElement on session 76e4defcf55027589f49a58343a2ff48 to remote] DEBUG org.asynchttpclient.netty.request.NettyRequestSender - Using pooled Channel '[id: 0xc83d6ad6, L:/127.0.0.1:64827 - R:localhost/127.0.0.1:21675]' for 'POST' to 'http://localhost:21675/session/76e4defcf55027589f49a58343a2ff48/element/516baa5e-467c-4189-a9e3-d9f10f0f6c7f/value'
22:38:54.870 [Forwarding sendKeysToElement on session 76e4defcf55027589f49a58343a2ff48 to remote] DEBUG org.asynchttpclient.netty.request.NettyRequestSender - Using open Channel [id: 0xc83d6ad6, L:/127.0.0.1:64827 - R:localhost/127.0.0.1:21675] for POST '/session/76e4defcf55027589f49a58343a2ff48/element/516baa5e-467c-4189-a9e3-d9f10f0f6c7f/value'
22:38:54.921 [AsyncHttpClient-1-2] DEBUG org.asynchttpclient.netty.handler.HttpHandler - 

Request DefaultHttpRequest(decodeResult: success, version: HTTP/1.1)
POST /session/76e4defcf55027589f49a58343a2ff48/element/516baa5e-467c-4189-a9e3-d9f10f0f6c7f/value HTTP/1.1
User-Agent: selenium/4.8.1 (java windows)
Content-Length: 211
Content-Type: application/json; charset=utf-8
host: localhost:21675
accept: */*

Response DefaultHttpResponse(decodeResult: success, version: HTTP/1.1)
HTTP/1.1 200 OK
Content-Length: 14
Content-Type: application/json; charset=utf-8
cache-control: no-cache

22:38:54.921 [AsyncHttpClient-1-2] DEBUG org.asynchttpclient.netty.channel.ChannelManager - Adding key: http://localhost:21675 for channel [id: 0xc83d6ad6, L:/127.0.0.1:64827 - R:localhost/127.0.0.1:21675]
22:38:54.930 [Forwarding getAlertText on session 76e4defcf55027589f49a58343a2ff48 to remote] DEBUG org.asynchttpclient.netty.request.NettyRequestSender - Using pooled Channel '[id: 0xc83d6ad6, L:/127.0.0.1:64827 - R:localhost/127.0.0.1:21675]' for 'GET' to 'http://localhost:21675/session/76e4defcf55027589f49a58343a2ff48/alert/text'
22:38:54.930 [Forwarding getAlertText on session 76e4defcf55027589f49a58343a2ff48 to remote] DEBUG org.asynchttpclient.netty.request.NettyRequestSender - Using open Channel [id: 0xc83d6ad6, L:/127.0.0.1:64827 - R:localhost/127.0.0.1:21675] for GET '/session/76e4defcf55027589f49a58343a2ff48/alert/text'
22:38:54.932 [AsyncHttpClient-1-2] DEBUG org.asynchttpclient.netty.handler.HttpHandler - 

Request DefaultFullHttpRequest(decodeResult: success, version: HTTP/1.1, content: EmptyByteBufBE)
GET /session/76e4defcf55027589f49a58343a2ff48/alert/text HTTP/1.1
User-Agent: selenium/4.8.1 (java windows)
Cache-Control: no-cache
Content-Type: application/json; charset=utf-8
host: localhost:21675
accept: */*

Response DefaultHttpResponse(decodeResult: success, version: HTTP/1.1)
HTTP/1.1 404 Not Found
Content-Length: 847
Content-Type: application/json; charset=utf-8
cache-control: no-cache

22:38:54.932 [AsyncHttpClient-1-2] DEBUG org.asynchttpclient.netty.channel.ChannelManager - Adding key: http://localhost:21675 for channel [id: 0xc83d6ad6, L:/127.0.0.1:64827 - R:localhost/127.0.0.1:21675]
22:38:54.934 [Forwarding getCurrentUrl on session 76e4defcf55027589f49a58343a2ff48 to remote] DEBUG org.asynchttpclient.netty.request.NettyRequestSender - Using pooled Channel '[id: 0xc83d6ad6, L:/127.0.0.1:64827 - R:localhost/127.0.0.1:21675]' for 'GET' to 'http://localhost:21675/session/76e4defcf55027589f49a58343a2ff48/url'
22:38:54.934 [Forwarding getCurrentUrl on session 76e4defcf55027589f49a58343a2ff48 to remote] DEBUG org.asynchttpclient.netty.request.NettyRequestSender - Using open Channel [id: 0xc83d6ad6, L:/127.0.0.1:64827 - R:localhost/127.0.0.1:21675] for GET '/session/76e4defcf55027589f49a58343a2ff48/url'
22:38:54.937 [AsyncHttpClient-1-2] DEBUG org.asynchttpclient.netty.handler.HttpHandler - 

Request DefaultFullHttpRequest(decodeResult: success, version: HTTP/1.1, content: EmptyByteBufBE)
GET /session/76e4defcf55027589f49a58343a2ff48/url HTTP/1.1
User-Agent: selenium/4.8.1 (java windows)
Cache-Control: no-cache
Content-Type: application/json; charset=utf-8
host: localhost:21675
accept: */*

Response DefaultHttpResponse(decodeResult: success, version: HTTP/1.1)
HTTP/1.1 200 OK
Content-Length: 38
Content-Type: application/json; charset=utf-8
cache-control: no-cache

22:38:54.938 [AsyncHttpClient-1-2] DEBUG org.asynchttpclient.netty.channel.ChannelManager - Adding key: http://localhost:21675 for channel [id: 0xc83d6ad6, L:/127.0.0.1:64827 - R:localhost/127.0.0.1:21675]
22:38:54.939 [Forwarding screenshot on session 76e4defcf55027589f49a58343a2ff48 to remote] DEBUG org.asynchttpclient.netty.request.NettyRequestSender - Using pooled Channel '[id: 0xc83d6ad6, L:/127.0.0.1:64827 - R:localhost/127.0.0.1:21675]' for 'GET' to 'http://localhost:21675/session/76e4defcf55027589f49a58343a2ff48/screenshot'
22:38:54.939 [Forwarding screenshot on session 76e4defcf55027589f49a58343a2ff48 to remote] DEBUG org.asynchttpclient.netty.request.NettyRequestSender - Using open Channel [id: 0xc83d6ad6, L:/127.0.0.1:64827 - R:localhost/127.0.0.1:21675] for GET '/session/76e4defcf55027589f49a58343a2ff48/screenshot'
22:38:55.013 [AsyncHttpClient-1-2] DEBUG org.asynchttpclient.netty.handler.HttpHandler - 

Request DefaultFullHttpRequest(decodeResult: success, version: HTTP/1.1, content: EmptyByteBufBE)
GET /session/76e4defcf55027589f49a58343a2ff48/screenshot HTTP/1.1
User-Agent: selenium/4.8.1 (java windows)
Cache-Control: no-cache
Content-Type: application/json; charset=utf-8
host: localhost:21675
accept: */*

Response DefaultHttpResponse(decodeResult: success, version: HTTP/1.1)
HTTP/1.1 200 OK
Content-Length: 38856
Content-Type: application/json; charset=utf-8
cache-control: no-cache

22:38:55.013 [AsyncHttpClient-1-2] DEBUG org.asynchttpclient.netty.channel.ChannelManager - Adding key: http://localhost:21675 for channel [id: 0xc83d6ad6, L:/127.0.0.1:64827 - R:localhost/127.0.0.1:21675]
22:38:55.016 [main] DEBUG net.serenitybdd.core.photography.Darkroom - Send negative for processing for target\site\serenity\18251deeac5e9d81ca62b7b341f18b23934fafaa9686741f253d5b4a8685e8ff.png
22:38:55.017 [Darkroom Processing Line] DEBUG net.serenitybdd.core.photography.DarkroomProcessingLine - Processing screenshot image in /var/screenshots/screenshot-11863269103593304499
22:38:55.017 [Darkroom Processing Line] DEBUG net.serenitybdd.core.photography.DarkroomProcessingLine - Saving screenshot to target\site\serenity\18251deeac5e9d81ca62b7b341f18b23934fafaa9686741f253d5b4a8685e8ff.png
22:38:55.017 [main] DEBUG net.thucydides.core.steps.StepInterceptor - STEP DONE: inputUsername
  &amp#27;[32mWhen &amp#27;[0m&amp#27;[32mI enter valid username&amp#27;[0m                     &amp#27;[90m# starter.stepdefinitions.LoginSteps.enterValidUsername()&amp#27;[0m
22:38:55.026 [Forwarding getPageSource on session 76e4defcf55027589f49a58343a2ff48 to remote] DEBUG org.asynchttpclient.netty.request.NettyRequestSender - Using pooled Channel '[id: 0xc83d6ad6, L:/127.0.0.1:64827 - R:localhost/127.0.0.1:21675]' for 'POST' to 'http://localhost:21675/session/76e4defcf55027589f49a58343a2ff48/execute/sync'
22:38:55.026 [Forwarding getPageSource on session 76e4defcf55027589f49a58343a2ff48 to remote] DEBUG org.asynchttpclient.netty.request.NettyRequestSender - Using open Channel [id: 0xc83d6ad6, L:/127.0.0.1:64827 - R:localhost/127.0.0.1:21675] for POST '/session/76e4defcf55027589f49a58343a2ff48/execute/sync'
22:38:55.030 [AsyncHttpClient-1-2] DEBUG org.asynchttpclient.netty.handler.HttpHandler - 

Request DefaultHttpRequest(decodeResult: success, version: HTTP/1.1)
POST /session/76e4defcf55027589f49a58343a2ff48/execute/sync HTTP/1.1
User-Agent: selenium/4.8.1 (java windows)
Content-Length: 176
Content-Type: application/json; charset=utf-8
host: localhost:21675
accept: */*

Response DefaultHttpResponse(decodeResult: success, version: HTTP/1.1)
HTTP/1.1 200 OK
Content-Length: 4299
Content-Type: application/json; charset=utf-8
cache-control: no-cache

22:38:55.030 [AsyncHttpClient-1-2] DEBUG org.asynchttpclient.netty.channel.ChannelManager - Adding key: http://localhost:21675 for channel [id: 0xc83d6ad6, L:/127.0.0.1:64827 - R:localhost/127.0.0.1:21675]
22:38:55.035 [Forwarding getCurrentUrl on session 76e4defcf55027589f49a58343a2ff48 to remote] DEBUG org.asynchttpclient.netty.request.NettyRequestSender - Using pooled Channel '[id: 0xc83d6ad6, L:/127.0.0.1:64827 - R:localhost/127.0.0.1:21675]' for 'GET' to 'http://localhost:21675/session/76e4defcf55027589f49a58343a2ff48/url'
22:38:55.035 [Forwarding getCurrentUrl on session 76e4defcf55027589f49a58343a2ff48 to remote] DEBUG org.asynchttpclient.netty.request.NettyRequestSender - Using open Channel [id: 0xc83d6ad6, L:/127.0.0.1:64827 - R:localhost/127.0.0.1:21675] for GET '/session/76e4defcf55027589f49a58343a2ff48/url'
22:38:55.037 [AsyncHttpClient-1-2] DEBUG org.asynchttpclient.netty.handler.HttpHandler - 

Request DefaultFullHttpRequest(decodeResult: success, version: HTTP/1.1, content: EmptyByteBufBE)
GET /session/76e4defcf55027589f49a58343a2ff48/url HTTP/1.1
User-Agent: selenium/4.8.1 (java windows)
Cache-Control: no-cache
Content-Type: application/json; charset=utf-8
host: localhost:21675
accept: */*

Response DefaultHttpResponse(decodeResult: success, version: HTTP/1.1)
HTTP/1.1 200 OK
Content-Length: 38
Content-Type: application/json; charset=utf-8
cache-control: no-cache

22:38:55.038 [AsyncHttpClient-1-2] DEBUG org.asynchttpclient.netty.channel.ChannelManager - Adding key: http://localhost:21675 for channel [id: 0xc83d6ad6, L:/127.0.0.1:64827 - R:localhost/127.0.0.1:21675]
22:38:55.045 [Forwarding getPageSource on session 76e4defcf55027589f49a58343a2ff48 to remote] DEBUG org.asynchttpclient.netty.request.NettyRequestSender - Using pooled Channel '[id: 0xc83d6ad6, L:/127.0.0.1:64827 - R:localhost/127.0.0.1:21675]' for 'POST' to 'http://localhost:21675/session/76e4defcf55027589f49a58343a2ff48/execute/sync'
22:38:55.046 [Forwarding getPageSource on session 76e4defcf55027589f49a58343a2ff48 to remote] DEBUG org.asynchttpclient.netty.request.NettyRequestSender - Using open Channel [id: 0xc83d6ad6, L:/127.0.0.1:64827 - R:localhost/127.0.0.1:21675] for POST '/session/76e4defcf55027589f49a58343a2ff48/execute/sync'
22:38:55.049 [AsyncHttpClient-1-2] DEBUG org.asynchttpclient.netty.handler.HttpHandler - 

Request DefaultHttpRequest(decodeResult: success, version: HTTP/1.1)
POST /session/76e4defcf55027589f49a58343a2ff48/execute/sync HTTP/1.1
User-Agent: selenium/4.8.1 (java windows)
Content-Length: 176
Content-Type: application/json; charset=utf-8
host: localhost:21675
accept: */*

Response DefaultHttpResponse(decodeResult: success, version: HTTP/1.1)
HTTP/1.1 200 OK
Content-Length: 4299
Content-Type: application/json; charset=utf-8
cache-control: no-cache

22:38:55.049 [AsyncHttpClient-1-2] DEBUG org.asynchttpclient.netty.channel.ChannelManager - Adding key: http://localhost:21675 for channel [id: 0xc83d6ad6, L:/127.0.0.1:64827 - R:localhost/127.0.0.1:21675]
22:38:55.053 [Forwarding getCurrentUrl on session 76e4defcf55027589f49a58343a2ff48 to remote] DEBUG org.asynchttpclient.netty.request.NettyRequestSender - Using pooled Channel '[id: 0xc83d6ad6, L:/127.0.0.1:64827 - R:localhost/127.0.0.1:21675]' for 'GET' to 'http://localhost:21675/session/76e4defcf55027589f49a58343a2ff48/url'
22:38:55.053 [Forwarding getCurrentUrl on session 76e4defcf55027589f49a58343a2ff48 to remote] DEBUG org.asynchttpclient.netty.request.NettyRequestSender - Using open Channel [id: 0xc83d6ad6, L:/127.0.0.1:64827 - R:localhost/127.0.0.1:21675] for GET '/session/76e4defcf55027589f49a58343a2ff48/url'
22:38:55.056 [AsyncHttpClient-1-2] DEBUG org.asynchttpclient.netty.handler.HttpHandler - 

Request DefaultFullHttpRequest(decodeResult: success, version: HTTP/1.1, content: EmptyByteBufBE)
GET /session/76e4defcf55027589f49a58343a2ff48/url HTTP/1.1
User-Agent: selenium/4.8.1 (java windows)
Cache-Control: no-cache
Content-Type: application/json; charset=utf-8
host: localhost:21675
accept: */*

Response DefaultHttpResponse(decodeResult: success, version: HTTP/1.1)
HTTP/1.1 200 OK
Content-Length: 38
Content-Type: application/json; charset=utf-8
cache-control: no-cache

22:38:55.056 [AsyncHttpClient-1-2] DEBUG org.asynchttpclient.netty.channel.ChannelManager - Adding key: http://localhost:21675 for channel [id: 0xc83d6ad6, L:/127.0.0.1:64827 - R:localhost/127.0.0.1:21675]
22:38:55.057 [main] DEBUG net.thucydides.core.steps.StepInterceptor - STARTING STEP: LoginSteps.enterValidPassword - inputPassword
22:38:55.061 [Forwarding findElement on session 76e4defcf55027589f49a58343a2ff48 to remote] DEBUG org.asynchttpclient.netty.request.NettyRequestSender - Using pooled Channel '[id: 0xc83d6ad6, L:/127.0.0.1:64827 - R:localhost/127.0.0.1:21675]' for 'POST' to 'http://localhost:21675/session/76e4defcf55027589f49a58343a2ff48/element'
22:38:55.061 [Forwarding findElement on session 76e4defcf55027589f49a58343a2ff48 to remote] DEBUG org.asynchttpclient.netty.request.NettyRequestSender - Using open Channel [id: 0xc83d6ad6, L:/127.0.0.1:64827 - R:localhost/127.0.0.1:21675] for POST '/session/76e4defcf55027589f49a58343a2ff48/element'
22:38:55.069 [AsyncHttpClient-1-2] DEBUG org.asynchttpclient.netty.handler.HttpHandler - 

Request DefaultHttpRequest(decodeResult: success, version: HTTP/1.1)
POST /session/76e4defcf55027589f49a58343a2ff48/element HTTP/1.1
User-Agent: selenium/4.8.1 (java windows)
Content-Length: 53
Content-Type: application/json; charset=utf-8
host: localhost:21675
accept: */*

Response DefaultHttpResponse(decodeResult: success, version: HTTP/1.1)
HTTP/1.1 200 OK
Content-Length: 88
Content-Type: application/json; charset=utf-8
cache-control: no-cache

22:38:55.070 [AsyncHttpClient-1-2] DEBUG org.asynchttpclient.netty.channel.ChannelManager - Adding key: http://localhost:21675 for channel [id: 0xc83d6ad6, L:/127.0.0.1:64827 - R:localhost/127.0.0.1:21675]
22:38:55.071 [Forwarding clearElement on session 76e4defcf55027589f49a58343a2ff48 to remote] DEBUG org.asynchttpclient.netty.request.NettyRequestSender - Using pooled Channel '[id: 0xc83d6ad6, L:/127.0.0.1:64827 - R:localhost/127.0.0.1:21675]' for 'POST' to 'http://localhost:21675/session/76e4defcf55027589f49a58343a2ff48/element/f7f840d0-2148-4382-b5fa-c0d68c81503c/clear'
22:38:55.071 [Forwarding clearElement on session 76e4defcf55027589f49a58343a2ff48 to remote] DEBUG org.asynchttpclient.netty.request.NettyRequestSender - Using open Channel [id: 0xc83d6ad6, L:/127.0.0.1:64827 - R:localhost/127.0.0.1:21675] for POST '/session/76e4defcf55027589f49a58343a2ff48/element/f7f840d0-2148-4382-b5fa-c0d68c81503c/clear'
22:38:55.092 [AsyncHttpClient-1-2] DEBUG org.asynchttpclient.netty.handler.HttpHandler - 

Request DefaultHttpRequest(decodeResult: success, version: HTTP/1.1)
POST /session/76e4defcf55027589f49a58343a2ff48/element/f7f840d0-2148-4382-b5fa-c0d68c81503c/clear HTTP/1.1
User-Agent: selenium/4.8.1 (java windows)
Content-Length: 50
Content-Type: application/json; charset=utf-8
host: localhost:21675
accept: */*

Response DefaultHttpResponse(decodeResult: success, version: HTTP/1.1)
HTTP/1.1 200 OK
Content-Length: 14
Content-Type: application/json; charset=utf-8
cache-control: no-cache

22:38:55.092 [AsyncHttpClient-1-2] DEBUG org.asynchttpclient.netty.channel.ChannelManager - Adding key: http://localhost:21675 for channel [id: 0xc83d6ad6, L:/127.0.0.1:64827 - R:localhost/127.0.0.1:21675]
22:38:55.094 [Forwarding sendKeysToElement on session 76e4defcf55027589f49a58343a2ff48 to remote] DEBUG org.asynchttpclient.netty.request.NettyRequestSender - Using pooled Channel '[id: 0xc83d6ad6, L:/127.0.0.1:64827 - R:localhost/127.0.0.1:21675]' for 'POST' to 'http://localhost:21675/session/76e4defcf55027589f49a58343a2ff48/element/f7f840d0-2148-4382-b5fa-c0d68c81503c/value'
22:38:55.095 [Forwarding sendKeysToElement on session 76e4defcf55027589f49a58343a2ff48 to remote] DEBUG org.asynchttpclient.netty.request.NettyRequestSender - Using open Channel [id: 0xc83d6ad6, L:/127.0.0.1:64827 - R:localhost/127.0.0.1:21675] for POST '/session/76e4defcf55027589f49a58343a2ff48/element/f7f840d0-2148-4382-b5fa-c0d68c81503c/value'
22:38:55.139 [AsyncHttpClient-1-2] DEBUG org.asynchttpclient.netty.handler.HttpHandler - 

Request DefaultHttpRequest(decodeResult: success, version: HTTP/1.1)
POST /session/76e4defcf55027589f49a58343a2ff48/element/f7f840d0-2148-4382-b5fa-c0d68c81503c/value HTTP/1.1
User-Agent: selenium/4.8.1 (java windows)
Content-Length: 231
Content-Type: application/json; charset=utf-8
host: localhost:21675
accept: */*

Response DefaultHttpResponse(decodeResult: success, version: HTTP/1.1)
HTTP/1.1 200 OK
Content-Length: 14
Content-Type: application/json; charset=utf-8
cache-control: no-cache

22:38:55.139 [AsyncHttpClient-1-2] DEBUG org.asynchttpclient.netty.channel.ChannelManager - Adding key: http://localhost:21675 for channel [id: 0xc83d6ad6, L:/127.0.0.1:64827 - R:localhost/127.0.0.1:21675]
22:38:55.145 [Forwarding getAlertText on session 76e4defcf55027589f49a58343a2ff48 to remote] DEBUG org.asynchttpclient.netty.request.NettyRequestSender - Using pooled Channel '[id: 0xc83d6ad6, L:/127.0.0.1:64827 - R:localhost/127.0.0.1:21675]' for 'GET' to 'http://localhost:21675/session/76e4defcf55027589f49a58343a2ff48/alert/text'
22:38:55.145 [Forwarding getAlertText on session 76e4defcf55027589f49a58343a2ff48 to remote] DEBUG org.asynchttpclient.netty.request.NettyRequestSender - Using open Channel [id: 0xc83d6ad6, L:/127.0.0.1:64827 - R:localhost/127.0.0.1:21675] for GET '/session/76e4defcf55027589f49a58343a2ff48/alert/text'
22:38:55.146 [AsyncHttpClient-1-2] DEBUG org.asynchttpclient.netty.handler.HttpHandler - 

Request DefaultFullHttpRequest(decodeResult: success, version: HTTP/1.1, content: EmptyByteBufBE)
GET /session/76e4defcf55027589f49a58343a2ff48/alert/text HTTP/1.1
User-Agent: selenium/4.8.1 (java windows)
Cache-Control: no-cache
Content-Type: application/json; charset=utf-8
host: localhost:21675
accept: */*

Response DefaultHttpResponse(decodeResult: success, version: HTTP/1.1)
HTTP/1.1 404 Not Found
Content-Length: 847
Content-Type: application/json; charset=utf-8
cache-control: no-cache

22:38:55.147 [AsyncHttpClient-1-2] DEBUG org.asynchttpclient.netty.channel.ChannelManager - Adding key: http://localhost:21675 for channel [id: 0xc83d6ad6, L:/127.0.0.1:64827 - R:localhost/127.0.0.1:21675]
22:38:55.150 [Forwarding getCurrentUrl on session 76e4defcf55027589f49a58343a2ff48 to remote] DEBUG org.asynchttpclient.netty.request.NettyRequestSender - Using pooled Channel '[id: 0xc83d6ad6, L:/127.0.0.1:64827 - R:localhost/127.0.0.1:21675]' for 'GET' to 'http://localhost:21675/session/76e4defcf55027589f49a58343a2ff48/url'
22:38:55.151 [Forwarding getCurrentUrl on session 76e4defcf55027589f49a58343a2ff48 to remote] DEBUG org.asynchttpclient.netty.request.NettyRequestSender - Using open Channel [id: 0xc83d6ad6, L:/127.0.0.1:64827 - R:localhost/127.0.0.1:21675] for GET '/session/76e4defcf55027589f49a58343a2ff48/url'
22:38:55.154 [AsyncHttpClient-1-2] DEBUG org.asynchttpclient.netty.handler.HttpHandler - 

Request DefaultFullHttpRequest(decodeResult: success, version: HTTP/1.1, content: EmptyByteBufBE)
GET /session/76e4defcf55027589f49a58343a2ff48/url HTTP/1.1
User-Agent: selenium/4.8.1 (java windows)
Cache-Control: no-cache
Content-Type: application/json; charset=utf-8
host: localhost:21675
accept: */*

Response DefaultHttpResponse(decodeResult: success, version: HTTP/1.1)
HTTP/1.1 200 OK
Content-Length: 38
Content-Type: application/json; charset=utf-8
cache-control: no-cache

22:38:55.154 [AsyncHttpClient-1-2] DEBUG org.asynchttpclient.netty.channel.ChannelManager - Adding key: http://localhost:21675 for channel [id: 0xc83d6ad6, L:/127.0.0.1:64827 - R:localhost/127.0.0.1:21675]
22:38:55.155 [Forwarding screenshot on session 76e4defcf55027589f49a58343a2ff48 to remote] DEBUG org.asynchttpclient.netty.request.NettyRequestSender - Using pooled Channel '[id: 0xc83d6ad6, L:/127.0.0.1:64827 - R:localhost/127.0.0.1:21675]' for 'GET' to 'http://localhost:21675/session/76e4defcf55027589f49a58343a2ff48/screenshot'
22:38:55.155 [Forwarding screenshot on session 76e4defcf55027589f49a58343a2ff48 to remote] DEBUG org.asynchttpclient.netty.request.NettyRequestSender - Using open Channel [id: 0xc83d6ad6, L:/127.0.0.1:64827 - R:localhost/127.0.0.1:21675] for GET '/session/76e4defcf55027589f49a58343a2ff48/screenshot'
22:38:55.230 [AsyncHttpClient-1-2] DEBUG org.asynchttpclient.netty.handler.HttpHandler - 

Request DefaultFullHttpRequest(decodeResult: success, version: HTTP/1.1, content: EmptyByteBufBE)
GET /session/76e4defcf55027589f49a58343a2ff48/screenshot HTTP/1.1
User-Agent: selenium/4.8.1 (java windows)
Cache-Control: no-cache
Content-Type: application/json; charset=utf-8
host: localhost:21675
accept: */*

Response DefaultHttpResponse(decodeResult: success, version: HTTP/1.1)
HTTP/1.1 200 OK
Content-Length: 37752
Content-Type: application/json; charset=utf-8
cache-control: no-cache

22:38:55.231 [AsyncHttpClient-1-2] DEBUG org.asynchttpclient.netty.channel.ChannelManager - Adding key: http://localhost:21675 for channel [id: 0xc83d6ad6, L:/127.0.0.1:64827 - R:localhost/127.0.0.1:21675]
22:38:55.234 [main] DEBUG net.serenitybdd.core.photography.Darkroom - Send negative for processing for target\site\serenity\786a9fc741d47ac714b3a853422df0142653b38da51f58290720b1ab7ce6fe11.png
22:38:55.234 [main] DEBUG net.thucydides.core.steps.StepInterceptor - STEP DONE: inputPassword
22:38:55.234 [Darkroom Processing Line] DEBUG net.serenitybdd.core.photography.DarkroomProcessingLine - Processing screenshot image in /var/screenshots/screenshot-10893215521941183249
22:38:55.234 [Darkroom Processing Line] DEBUG net.serenitybdd.core.photography.DarkroomProcessingLine - Saving screenshot to target\site\serenity\786a9fc741d47ac714b3a853422df0142653b38da51f58290720b1ab7ce6fe11.png
  &amp#27;[32mAnd &amp#27;[0m&amp#27;[32mI enter invalid password&amp#27;[0m                    &amp#27;[90m# starter.stepdefinitions.LoginSteps.enterValidPassword()&amp#27;[0m
22:38:55.245 [Forwarding getPageSource on session 76e4defcf55027589f49a58343a2ff48 to remote] DEBUG org.asynchttpclient.netty.request.NettyRequestSender - Using pooled Channel '[id: 0xc83d6ad6, L:/127.0.0.1:64827 - R:localhost/127.0.0.1:21675]' for 'POST' to 'http://localhost:21675/session/76e4defcf55027589f49a58343a2ff48/execute/sync'
22:38:55.245 [Forwarding getPageSource on session 76e4defcf55027589f49a58343a2ff48 to remote] DEBUG org.asynchttpclient.netty.request.NettyRequestSender - Using open Channel [id: 0xc83d6ad6, L:/127.0.0.1:64827 - R:localhost/127.0.0.1:21675] for POST '/session/76e4defcf55027589f49a58343a2ff48/execute/sync'
22:38:55.249 [AsyncHttpClient-1-2] DEBUG org.asynchttpclient.netty.handler.HttpHandler - 

Request DefaultHttpRequest(decodeResult: success, version: HTTP/1.1)
POST /session/76e4defcf55027589f49a58343a2ff48/execute/sync HTTP/1.1
User-Agent: selenium/4.8.1 (java windows)
Content-Length: 176
Content-Type: application/json; charset=utf-8
host: localhost:21675
accept: */*

Response DefaultHttpResponse(decodeResult: success, version: HTTP/1.1)
HTTP/1.1 200 OK
Content-Length: 4314
Content-Type: application/json; charset=utf-8
cache-control: no-cache

22:38:55.249 [AsyncHttpClient-1-2] DEBUG org.asynchttpclient.netty.channel.ChannelManager - Adding key: http://localhost:21675 for channel [id: 0xc83d6ad6, L:/127.0.0.1:64827 - R:localhost/127.0.0.1:21675]
22:38:55.254 [Forwarding getCurrentUrl on session 76e4defcf55027589f49a58343a2ff48 to remote] DEBUG org.asynchttpclient.netty.request.NettyRequestSender - Using pooled Channel '[id: 0xc83d6ad6, L:/127.0.0.1:64827 - R:localhost/127.0.0.1:21675]' for 'GET' to 'http://localhost:21675/session/76e4defcf55027589f49a58343a2ff48/url'
22:38:55.254 [Forwarding getCurrentUrl on session 76e4defcf55027589f49a58343a2ff48 to remote] DEBUG org.asynchttpclient.netty.request.NettyRequestSender - Using open Channel [id: 0xc83d6ad6, L:/127.0.0.1:64827 - R:localhost/127.0.0.1:21675] for GET '/session/76e4defcf55027589f49a58343a2ff48/url'
22:38:55.257 [AsyncHttpClient-1-2] DEBUG org.asynchttpclient.netty.handler.HttpHandler - 

Request DefaultFullHttpRequest(decodeResult: success, version: HTTP/1.1, content: EmptyByteBufBE)
GET /session/76e4defcf55027589f49a58343a2ff48/url HTTP/1.1
User-Agent: selenium/4.8.1 (java windows)
Cache-Control: no-cache
Content-Type: application/json; charset=utf-8
host: localhost:21675
accept: */*

Response DefaultHttpResponse(decodeResult: success, version: HTTP/1.1)
HTTP/1.1 200 OK
Content-Length: 38
Content-Type: application/json; charset=utf-8
cache-control: no-cache

22:38:55.258 [AsyncHttpClient-1-2] DEBUG org.asynchttpclient.netty.channel.ChannelManager - Adding key: http://localhost:21675 for channel [id: 0xc83d6ad6, L:/127.0.0.1:64827 - R:localhost/127.0.0.1:21675]
22:38:55.267 [Forwarding getPageSource on session 76e4defcf55027589f49a58343a2ff48 to remote] DEBUG org.asynchttpclient.netty.request.NettyRequestSender - Using pooled Channel '[id: 0xc83d6ad6, L:/127.0.0.1:64827 - R:localhost/127.0.0.1:21675]' for 'POST' to 'http://localhost:21675/session/76e4defcf55027589f49a58343a2ff48/execute/sync'
22:38:55.267 [Forwarding getPageSource on session 76e4defcf55027589f49a58343a2ff48 to remote] DEBUG org.asynchttpclient.netty.request.NettyRequestSender - Using open Channel [id: 0xc83d6ad6, L:/127.0.0.1:64827 - R:localhost/127.0.0.1:21675] for POST '/session/76e4defcf55027589f49a58343a2ff48/execute/sync'
22:38:55.271 [AsyncHttpClient-1-2] DEBUG org.asynchttpclient.netty.handler.HttpHandler - 

Request DefaultHttpRequest(decodeResult: success, version: HTTP/1.1)
POST /session/76e4defcf55027589f49a58343a2ff48/execute/sync HTTP/1.1
User-Agent: selenium/4.8.1 (java windows)
Content-Length: 176
Content-Type: application/json; charset=utf-8
host: localhost:21675
accept: */*

Response DefaultHttpResponse(decodeResult: success, version: HTTP/1.1)
HTTP/1.1 200 OK
Content-Length: 4314
Content-Type: application/json; charset=utf-8
cache-control: no-cache

22:38:55.271 [AsyncHttpClient-1-2] DEBUG org.asynchttpclient.netty.channel.ChannelManager - Adding key: http://localhost:21675 for channel [id: 0xc83d6ad6, L:/127.0.0.1:64827 - R:localhost/127.0.0.1:21675]
22:38:55.275 [Forwarding getCurrentUrl on session 76e4defcf55027589f49a58343a2ff48 to remote] DEBUG org.asynchttpclient.netty.request.NettyRequestSender - Using pooled Channel '[id: 0xc83d6ad6, L:/127.0.0.1:64827 - R:localhost/127.0.0.1:21675]' for 'GET' to 'http://localhost:21675/session/76e4defcf55027589f49a58343a2ff48/url'
22:38:55.275 [Forwarding getCurrentUrl on session 76e4defcf55027589f49a58343a2ff48 to remote] DEBUG org.asynchttpclient.netty.request.NettyRequestSender - Using open Channel [id: 0xc83d6ad6, L:/127.0.0.1:64827 - R:localhost/127.0.0.1:21675] for GET '/session/76e4defcf55027589f49a58343a2ff48/url'
22:38:55.278 [AsyncHttpClient-1-2] DEBUG org.asynchttpclient.netty.handler.HttpHandler - 

Request DefaultFullHttpRequest(decodeResult: success, version: HTTP/1.1, content: EmptyByteBufBE)
GET /session/76e4defcf55027589f49a58343a2ff48/url HTTP/1.1
User-Agent: selenium/4.8.1 (java windows)
Cache-Control: no-cache
Content-Type: application/json; charset=utf-8
host: localhost:21675
accept: */*

Response DefaultHttpResponse(decodeResult: success, version: HTTP/1.1)
HTTP/1.1 200 OK
Content-Length: 38
Content-Type: application/json; charset=utf-8
cache-control: no-cache

22:38:55.279 [AsyncHttpClient-1-2] DEBUG org.asynchttpclient.netty.channel.ChannelManager - Adding key: http://localhost:21675 for channel [id: 0xc83d6ad6, L:/127.0.0.1:64827 - R:localhost/127.0.0.1:21675]
22:38:55.280 [main] DEBUG net.thucydides.core.steps.StepInterceptor - STARTING STEP: LoginSteps.clickLoginButton - ClickLoginButton
22:38:55.286 [Forwarding findElement on session 76e4defcf55027589f49a58343a2ff48 to remote] DEBUG org.asynchttpclient.netty.request.NettyRequestSender - Using pooled Channel '[id: 0xc83d6ad6, L:/127.0.0.1:64827 - R:localhost/127.0.0.1:21675]' for 'POST' to 'http://localhost:21675/session/76e4defcf55027589f49a58343a2ff48/element'
22:38:55.286 [Forwarding findElement on session 76e4defcf55027589f49a58343a2ff48 to remote] DEBUG org.asynchttpclient.netty.request.NettyRequestSender - Using open Channel [id: 0xc83d6ad6, L:/127.0.0.1:64827 - R:localhost/127.0.0.1:21675] for POST '/session/76e4defcf55027589f49a58343a2ff48/element'
22:38:55.291 [AsyncHttpClient-1-2] DEBUG org.asynchttpclient.netty.handler.HttpHandler - 

Request DefaultHttpRequest(decodeResult: success, version: HTTP/1.1)
POST /session/76e4defcf55027589f49a58343a2ff48/element HTTP/1.1
User-Agent: selenium/4.8.1 (java windows)
Content-Length: 59
Content-Type: application/json; charset=utf-8
host: localhost:21675
accept: */*

Response DefaultHttpResponse(decodeResult: success, version: HTTP/1.1)
HTTP/1.1 200 OK
Content-Length: 88
Content-Type: application/json; charset=utf-8
cache-control: no-cache

22:38:55.291 [AsyncHttpClient-1-2] DEBUG org.asynchttpclient.netty.channel.ChannelManager - Adding key: http://localhost:21675 for channel [id: 0xc83d6ad6, L:/127.0.0.1:64827 - R:localhost/127.0.0.1:21675]
22:38:55.294 [Forwarding getElementTagName on session 76e4defcf55027589f49a58343a2ff48 to remote] DEBUG org.asynchttpclient.netty.request.NettyRequestSender - Using pooled Channel '[id: 0xc83d6ad6, L:/127.0.0.1:64827 - R:localhost/127.0.0.1:21675]' for 'GET' to 'http://localhost:21675/session/76e4defcf55027589f49a58343a2ff48/element/19e75001-d45b-42ba-ac5b-c8c1a2e97c3e/name'
22:38:55.294 [Forwarding getElementTagName on session 76e4defcf55027589f49a58343a2ff48 to remote] DEBUG org.asynchttpclient.netty.request.NettyRequestSender - Using open Channel [id: 0xc83d6ad6, L:/127.0.0.1:64827 - R:localhost/127.0.0.1:21675] for GET '/session/76e4defcf55027589f49a58343a2ff48/element/19e75001-d45b-42ba-ac5b-c8c1a2e97c3e/name'
22:38:55.303 [AsyncHttpClient-1-2] DEBUG org.asynchttpclient.netty.handler.HttpHandler - 

Request DefaultFullHttpRequest(decodeResult: success, version: HTTP/1.1, content: EmptyByteBufBE)
GET /session/76e4defcf55027589f49a58343a2ff48/element/19e75001-d45b-42ba-ac5b-c8c1a2e97c3e/name HTTP/1.1
User-Agent: selenium/4.8.1 (java windows)
Cache-Control: no-cache
Content-Type: application/json; charset=utf-8
host: localhost:21675
accept: */*

Response DefaultHttpResponse(decodeResult: success, version: HTTP/1.1)
HTTP/1.1 200 OK
Content-Length: 17
Content-Type: application/json; charset=utf-8
cache-control: no-cache

22:38:55.304 [AsyncHttpClient-1-2] DEBUG org.asynchttpclient.netty.channel.ChannelManager - Adding key: http://localhost:21675 for channel [id: 0xc83d6ad6, L:/127.0.0.1:64827 - R:localhost/127.0.0.1:21675]
22:38:55.308 [Forwarding getElementTagName on session 76e4defcf55027589f49a58343a2ff48 to remote] DEBUG org.asynchttpclient.netty.request.NettyRequestSender - Using pooled Channel '[id: 0xc83d6ad6, L:/127.0.0.1:64827 - R:localhost/127.0.0.1:21675]' for 'GET' to 'http://localhost:21675/session/76e4defcf55027589f49a58343a2ff48/element/19e75001-d45b-42ba-ac5b-c8c1a2e97c3e/name'
22:38:55.308 [Forwarding getElementTagName on session 76e4defcf55027589f49a58343a2ff48 to remote] DEBUG org.asynchttpclient.netty.request.NettyRequestSender - Using open Channel [id: 0xc83d6ad6, L:/127.0.0.1:64827 - R:localhost/127.0.0.1:21675] for GET '/session/76e4defcf55027589f49a58343a2ff48/element/19e75001-d45b-42ba-ac5b-c8c1a2e97c3e/name'
22:38:55.313 [AsyncHttpClient-1-2] DEBUG org.asynchttpclient.netty.handler.HttpHandler - 

Request DefaultFullHttpRequest(decodeResult: success, version: HTTP/1.1, content: EmptyByteBufBE)
GET /session/76e4defcf55027589f49a58343a2ff48/element/19e75001-d45b-42ba-ac5b-c8c1a2e97c3e/name HTTP/1.1
User-Agent: selenium/4.8.1 (java windows)
Cache-Control: no-cache
Content-Type: application/json; charset=utf-8
host: localhost:21675
accept: */*

Response DefaultHttpResponse(decodeResult: success, version: HTTP/1.1)
HTTP/1.1 200 OK
Content-Length: 17
Content-Type: application/json; charset=utf-8
cache-control: no-cache

22:38:55.314 [AsyncHttpClient-1-2] DEBUG org.asynchttpclient.netty.channel.ChannelManager - Adding key: http://localhost:21675 for channel [id: 0xc83d6ad6, L:/127.0.0.1:64827 - R:localhost/127.0.0.1:21675]
[...]
22:38:57.701 [AsyncHttpClient-1-2] DEBUG org.asynchttpclient.netty.handler.HttpHandler - 

Request DefaultFullHttpRequest(decodeResult: success, version: HTTP/1.1, content: EmptyByteBufBE)
GET /session/76e4defcf55027589f49a58343a2ff48/alert/text HTTP/1.1
User-Agent: selenium/4.8.1 (java windows)
Cache-Control: no-cache
Content-Type: application/json; charset=utf-8
host: localhost:21675
accept: */*

Response DefaultHttpResponse(decodeResult: success, version: HTTP/1.1)
HTTP/1.1 404 Not Found
Content-Length: 847
Content-Type: application/json; charset=utf-8
cache-control: no-cache

22:38:57.702 [AsyncHttpClient-1-2] DEBUG org.asynchttpclient.netty.channel.ChannelManager - Adding key: http://localhost:21675 for channel [id: 0xc83d6ad6, L:/127.0.0.1:64827 - R:localhost/127.0.0.1:21675]
22:38:57.704 [Forwarding getCurrentUrl on session 76e4defcf55027589f49a58343a2ff48 to remote] DEBUG org.asynchttpclient.netty.request.NettyRequestSender - Using pooled Channel '[id: 0xc83d6ad6, L:/127.0.0.1:64827 - R:localhost/127.0.0.1:21675]' for 'GET' to 'http://localhost:21675/session/76e4defcf55027589f49a58343a2ff48/url'
22:38:57.704 [Forwarding getCurrentUrl on session 76e4defcf55027589f49a58343a2ff48 to remote] DEBUG org.asynchttpclient.netty.request.NettyRequestSender - Using open Channel [id: 0xc83d6ad6, L:/127.0.0.1:64827 - R:localhost/127.0.0.1:21675] for GET '/session/76e4defcf55027589f49a58343a2ff48/url'
22:38:57.708 [AsyncHttpClient-1-2] DEBUG org.asynchttpclient.netty.handler.HttpHandler - 

Request DefaultFullHttpRequest(decodeResult: success, version: HTTP/1.1, content: EmptyByteBufBE)
GET /session/76e4defcf55027589f49a58343a2ff48/url HTTP/1.1
User-Agent: selenium/4.8.1 (java windows)
Cache-Control: no-cache
Content-Type: application/json; charset=utf-8
host: localhost:21675
accept: */*

Response DefaultHttpResponse(decodeResult: success, version: HTTP/1.1)
HTTP/1.1 200 OK
Content-Length: 38
Content-Type: application/json; charset=utf-8
cache-control: no-cache

22:38:57.709 [AsyncHttpClient-1-2] DEBUG org.asynchttpclient.netty.channel.ChannelManager - Adding key: http://localhost:21675 for channel [id: 0xc83d6ad6, L:/127.0.0.1:64827 - R:localhost/127.0.0.1:21675]
22:38:57.711 [Forwarding screenshot on session 76e4defcf55027589f49a58343a2ff48 to remote] DEBUG org.asynchttpclient.netty.request.NettyRequestSender - Using pooled Channel '[id: 0xc83d6ad6, L:/127.0.0.1:64827 - R:localhost/127.0.0.1:21675]' for 'GET' to 'http://localhost:21675/session/76e4defcf55027589f49a58343a2ff48/screenshot'
22:38:57.711 [Forwarding screenshot on session 76e4defcf55027589f49a58343a2ff48 to remote] DEBUG org.asynchttpclient.netty.request.NettyRequestSender - Using open Channel [id: 0xc83d6ad6, L:/127.0.0.1:64827 - R:localhost/127.0.0.1:21675] for GET '/session/76e4defcf55027589f49a58343a2ff48/screenshot'
22:38:57.794 [AsyncHttpClient-1-2] DEBUG org.asynchttpclient.netty.handler.HttpHandler - 

Request DefaultFullHttpRequest(decodeResult: success, version: HTTP/1.1, content: EmptyByteBufBE)
GET /session/76e4defcf55027589f49a58343a2ff48/screenshot HTTP/1.1
User-Agent: selenium/4.8.1 (java windows)
Cache-Control: no-cache
Content-Type: application/json; charset=utf-8
host: localhost:21675
accept: */*

Response DefaultHttpResponse(decodeResult: success, version: HTTP/1.1)
HTTP/1.1 200 OK
Content-Length: 47636
Content-Type: application/json; charset=utf-8
cache-control: no-cache

22:38:57.796 [AsyncHttpClient-1-2] DEBUG org.asynchttpclient.netty.channel.ChannelManager - Adding key: http://localhost:21675 for channel [id: 0xc83d6ad6, L:/127.0.0.1:64827 - R:localhost/127.0.0.1:21675]
22:38:57.801 [main] DEBUG net.serenitybdd.core.photography.Darkroom - Send negative for processing for target\site\serenity\4655fd747a033197c33956f3c0ab186fbc0ffc65447278d26aaadfc71b8846ff.png
22:38:57.803 [Forwarding getPageSource on session 76e4defcf55027589f49a58343a2ff48 to remote] DEBUG org.asynchttpclient.netty.request.NettyRequestSender - Using pooled Channel '[id: 0xc83d6ad6, L:/127.0.0.1:64827 - R:localhost/127.0.0.1:21675]' for 'POST' to 'http://localhost:21675/session/76e4defcf55027589f49a58343a2ff48/execute/sync'
22:38:57.803 [Forwarding getPageSource on session 76e4defcf55027589f49a58343a2ff48 to remote] DEBUG org.asynchttpclient.netty.request.NettyRequestSender - Using open Channel [id: 0xc83d6ad6, L:/127.0.0.1:64827 - R:localhost/127.0.0.1:21675] for POST '/session/76e4defcf55027589f49a58343a2ff48/execute/sync'
22:38:57.808 [AsyncHttpClient-1-2] DEBUG org.asynchttpclient.netty.handler.HttpHandler - 

Request DefaultHttpRequest(decodeResult: success, version: HTTP/1.1)
POST /session/76e4defcf55027589f49a58343a2ff48/execute/sync HTTP/1.1
User-Agent: selenium/4.8.1 (java windows)
Content-Length: 176
Content-Type: application/json; charset=utf-8
host: localhost:21675
accept: */*

Response DefaultHttpResponse(decodeResult: success, version: HTTP/1.1)
HTTP/1.1 200 OK
Content-Length: 14823
Content-Type: application/json; charset=utf-8
cache-control: no-cache

22:38:57.808 [AsyncHttpClient-1-2] DEBUG org.asynchttpclient.netty.channel.ChannelManager - Adding key: http://localhost:21675 for channel [id: 0xc83d6ad6, L:/127.0.0.1:64827 - R:localhost/127.0.0.1:21675]
22:38:57.811 [Forwarding getCurrentUrl on session 76e4defcf55027589f49a58343a2ff48 to remote] DEBUG org.asynchttpclient.netty.request.NettyRequestSender - Using pooled Channel '[id: 0xc83d6ad6, L:/127.0.0.1:64827 - R:localhost/127.0.0.1:21675]' for 'GET' to 'http://localhost:21675/session/76e4defcf55027589f49a58343a2ff48/url'
22:38:57.811 [Forwarding getCurrentUrl on session 76e4defcf55027589f49a58343a2ff48 to remote] DEBUG org.asynchttpclient.netty.request.NettyRequestSender - Using open Channel [id: 0xc83d6ad6, L:/127.0.0.1:64827 - R:localhost/127.0.0.1:21675] for GET '/session/76e4defcf55027589f49a58343a2ff48/url'
22:38:57.815 [AsyncHttpClient-1-2] DEBUG org.asynchttpclient.netty.handler.HttpHandler - 

Request DefaultFullHttpRequest(decodeResult: success, version: HTTP/1.1, content: EmptyByteBufBE)
GET /session/76e4defcf55027589f49a58343a2ff48/url HTTP/1.1
User-Agent: selenium/4.8.1 (java windows)
Cache-Control: no-cache
Content-Type: application/json; charset=utf-8
host: localhost:21675
accept: */*

Response DefaultHttpResponse(decodeResult: success, version: HTTP/1.1)
HTTP/1.1 200 OK
Content-Length: 38
Content-Type: application/json; charset=utf-8
cache-control: no-cache

22:38:57.815 [AsyncHttpClient-1-2] DEBUG org.asynchttpclient.netty.channel.ChannelManager - Adding key: http://localhost:21675 for channel [id: 0xc83d6ad6, L:/127.0.0.1:64827 - R:localhost/127.0.0.1:21675]
22:38:57.828 [Forwarding getPageSource on session 76e4defcf55027589f49a58343a2ff48 to remote] DEBUG org.asynchttpclient.netty.request.NettyRequestSender - Using pooled Channel '[id: 0xc83d6ad6, L:/127.0.0.1:64827 - R:localhost/127.0.0.1:21675]' for 'POST' to 'http://localhost:21675/session/76e4defcf55027589f49a58343a2ff48/execute/sync'
22:38:57.828 [Forwarding getPageSource on session 76e4defcf55027589f49a58343a2ff48 to remote] DEBUG org.asynchttpclient.netty.request.NettyRequestSender - Using open Channel [id: 0xc83d6ad6, L:/127.0.0.1:64827 - R:localhost/127.0.0.1:21675] for POST '/session/76e4defcf55027589f49a58343a2ff48/execute/sync'
22:38:57.836 [AsyncHttpClient-1-2] DEBUG org.asynchttpclient.netty.handler.HttpHandler - 

Request DefaultHttpRequest(decodeResult: success, version: HTTP/1.1)
POST /session/76e4defcf55027589f49a58343a2ff48/execute/sync HTTP/1.1
User-Agent: selenium/4.8.1 (java windows)
Content-Length: 176
Content-Type: application/json; charset=utf-8
host: localhost:21675
accept: */*

Response DefaultHttpResponse(decodeResult: success, version: HTTP/1.1)
HTTP/1.1 200 OK
Content-Length: 14823
Content-Type: application/json; charset=utf-8
cache-control: no-cache

22:38:57.836 [AsyncHttpClient-1-2] DEBUG org.asynchttpclient.netty.channel.ChannelManager - Adding key: http://localhost:21675 for channel [id: 0xc83d6ad6, L:/127.0.0.1:64827 - R:localhost/127.0.0.1:21675]
22:38:57.840 [Forwarding getCurrentUrl on session 76e4defcf55027589f49a58343a2ff48 to remote] DEBUG org.asynchttpclient.netty.request.NettyRequestSender - Using pooled Channel '[id: 0xc83d6ad6, L:/127.0.0.1:64827 - R:localhost/127.0.0.1:21675]' for 'GET' to 'http://localhost:21675/session/76e4defcf55027589f49a58343a2ff48/url'
22:38:57.840 [Forwarding getCurrentUrl on session 76e4defcf55027589f49a58343a2ff48 to remote] DEBUG org.asynchttpclient.netty.request.NettyRequestSender - Using open Channel [id: 0xc83d6ad6, L:/127.0.0.1:64827 - R:localhost/127.0.0.1:21675] for GET '/session/76e4defcf55027589f49a58343a2ff48/url'
22:38:57.844 [AsyncHttpClient-1-2] DEBUG org.asynchttpclient.netty.handler.HttpHandler - 

Request DefaultFullHttpRequest(decodeResult: success, version: HTTP/1.1, content: EmptyByteBufBE)
GET /session/76e4defcf55027589f49a58343a2ff48/url HTTP/1.1
User-Agent: selenium/4.8.1 (java windows)
Cache-Control: no-cache
Content-Type: application/json; charset=utf-8
host: localhost:21675
accept: */*

Response DefaultHttpResponse(decodeResult: success, version: HTTP/1.1)
HTTP/1.1 200 OK
Content-Length: 38
Content-Type: application/json; charset=utf-8
cache-control: no-cache

22:38:57.844 [AsyncHttpClient-1-2] DEBUG org.asynchttpclient.netty.channel.ChannelManager - Adding key: http://localhost:21675 for channel [id: 0xc83d6ad6, L:/127.0.0.1:64827 - R:localhost/127.0.0.1:21675]
  &amp#27;[31mThen &amp#27;[0m&amp#27;[31mI comeback to login page&amp#27;[0m                   &amp#27;[90m# starter.stepdefinitions.LoginSteps.onTheHomePage()&amp#27;[0m
      &amp#27;[31morg.openqa.selenium.NoSuchElementException: no such element: Unable to locate element: {"method":"css selector","selector":".title"}
  (Session info: chrome=112.0.5615.49)
For documentation on this error, please visit: https://selenium.dev/exceptions/#no_such_element
Build info: version: '4.8.1', revision: '8ebccac989'
System info: os.name: 'Windows 10', os.arch: 'amd64', os.version: '10.0', java.version: '17.0.2'
Driver info: org.openqa.selenium.chrome.ChromeDriver
Command: [76e4defcf55027589f49a58343a2ff48, findElement {using=class name, value=title}]
Capabilities {acceptInsecureCerts: false, browserName: chrome, browserVersion: 112.0.5615.49, chrome: {chromedriverVersion: 112.0.5615.49 (bd2a7bcb881c..., userDataDir: C:\Program Files (x86)\scop...}, goog:chromeOptions: {debuggerAddress: localhost:64828}, networkConnectionEnabled: false, pageLoadStrategy: normal, platformName: WINDOWS, proxy: Proxy(), se:cdp: ws://localhost:64828/devtoo..., se:cdpVersion: 112.0.5615.49, setWindowRect: true, strictFileInteractability: false, timeouts: {implicit: 0, pageLoad: 300000, script: 30000}, unhandledPromptBehavior: dismiss and notify, webauthn:extension:credBlob: true, webauthn:extension:largeBlob: true, webauthn:extension:minPinLength: true, webauthn:extension:prf: true, webauthn:virtualAuthenticators: true}
Session ID: 76e4defcf55027589f49a58343a2ff48
	at java.base/jdk.internal.reflect.NativeConstructorAccessorImpl.newInstance0(Native Method)
	at java.base/jdk.internal.reflect.NativeConstructorAccessorImpl.newInstance(NativeConstructorAccessorImpl.java:77)
	at java.base/jdk.internal.reflect.DelegatingConstructorAccessorImpl.newInstance(DelegatingConstructorAccessorImpl.java:45)
	at java.base/java.lang.reflect.Constructor.newInstanceWithCaller(Constructor.java:499)
	at java.base/java.lang.reflect.Constructor.newInstance(Constructor.java:480)
	at org.openqa.selenium.remote.codec.w3c.W3CHttpResponseCodec.createException(W3CHttpResponseCodec.java:200)
	at org.openqa.selenium.remote.codec.w3c.W3CHttpResponseCodec.decode(W3CHttpResponseCodec.java:133)
	at org.openqa.selenium.remote.codec.w3c.W3CHttpResponseCodec.decode(W3CHttpResponseCodec.java:53)
	at org.openqa.selenium.remote.HttpCommandExecutor.execute(HttpCommandExecutor.java:184)
	at org.openqa.selenium.remote.service.DriverCommandExecutor.invokeExecute(DriverCommandExecutor.java:167)
	at org.openqa.selenium.remote.service.DriverCommandExecutor.execute(DriverCommandExecutor.java:142)
	at org.openqa.selenium.remote.RemoteWebDriver.execute(RemoteWebDriver.java:543)
	at org.openqa.selenium.remote.ElementLocation$ElementFinder$2.findElement(ElementLocation.java:162)
	at org.openqa.selenium.remote.ElementLocation.findElement(ElementLocation.java:66)
	at org.openqa.selenium.remote.RemoteWebDriver.findElement(RemoteWebDriver.java:352)
	at org.openqa.selenium.remote.RemoteWebDriver.findElement(RemoteWebDriver.java:344)
	at net.thucydides.core.webdriver.WebDriverFacade.findElement(WebDriverFacade.java:242)
	at net.serenitybdd.core.pages.WebElementResolverByLocator.resolveForDriver(WebElementResolverByLocator.java:25)
	at net.serenitybdd.core.pages.WebElementFacadeImpl.getResolvedElement(WebElementFacadeImpl.java:189)
	at net.serenitybdd.core.pages.WebElementFacadeImpl.getElement(WebElementFacadeImpl.java:184)
	at net.serenitybdd.core.pages.WebElementFacadeImpl.isDisplayed(WebElementFacadeImpl.java:1321)
	at cucumber.starter@1.0.0-SNAPSHOT/starter.login.Home.validateOnTheHomePage(Home.java:11)
	at cucumber.starter@1.0.0-SNAPSHOT/starter.login.Home$ByteBuddy$Wk2CjBgu.validateOnTheHomePage$accessor$VJpdhjmh(Unknown Source)
	at java.base/jdk.internal.reflect.NativeMethodAccessorImpl.invoke0(Native Method)
	at java.base/jdk.internal.reflect.NativeMethodAccessorImpl.invoke(NativeMethodAccessorImpl.java:77)
	at java.base/jdk.internal.reflect.DelegatingMethodAccessorImpl.invoke(DelegatingMethodAccessorImpl.java:43)
	at java.base/java.lang.reflect.Method.invoke(Method.java:568)
	at net.thucydides.core.steps.BaseMethodRunner.invokeMethod(BaseMethodRunner.java:18)
	at net.thucydides.core.steps.NormalMethodRunner.invokeMethodAndNotifyFailures(NormalMethodRunner.java:18)
	at net.thucydides.core.steps.StepInterceptor.runNormalMethod(StepInterceptor.java:421)
	at net.thucydides.core.steps.StepInterceptor.testStepResult(StepInterceptor.java:193)
	at net.thucydides.core.steps.StepInterceptor.intercept(StepInterceptor.java:86)
	at net.thucydides.core.steps.ProxyConfiguration$InterceptorDispatcher.intercept(ProxyConfiguration.java:51)
	at cucumber.starter@1.0.0-SNAPSHOT/starter.login.Home$ByteBuddy$Wk2CjBgu.validateOnTheHomePage(Unknown Source)
	at cucumber.starter@1.0.0-SNAPSHOT/starter.stepdefinitions.LoginSteps.onTheHomePage(LoginSteps.java:37)
	at âœ½.I comeback to login page(file:///C:/Users/Administrator/Downloads/WebTesting/WebTesting/src/test/resources/features/Login.feature:13)
&amp#27;[0m
22:38:57.880 [main] ERROR  - 
  _____   ___   ___   _____     ___   ___   ___    ___    ___ 
 |_   _| | __| / __| |_   _|   | __| | _ \ | _ \  / _ \  | _ \
   | |   | _|  \__ \   | |     | _|  |   / |   / | (_) | |   /
   |_|   |___| |___/   |_|     |___| |_|_\ |_|_\  \___/  |_|_\

As user i have be able to success login
---------------------------------------------------------------
22:38:57.883 [main] DEBUG  - RELATED ISSUES: 
22:38:57.885 [main] ERROR  -     Test failed at step: Validate on the home page
22:38:57.885 [main] ERROR  -     no such element: Unable to locate element: {"method":"css selector","selector":".title"}
22:38:57.944 [Driver Command Executor] DEBUG org.asynchttpclient.netty.request.NettyRequestSender - Using pooled Channel '[id: 0xc83d6ad6, L:/127.0.0.1:64827 - R:localhost/127.0.0.1:21675]' for 'DELETE' to 'http://localhost:21675/session/76e4defcf55027589f49a58343a2ff48'
22:38:57.944 [Driver Command Executor] DEBUG org.asynchttpclient.netty.request.NettyRequestSender - Using open Channel [id: 0xc83d6ad6, L:/127.0.0.1:64827 - R:localhost/127.0.0.1:21675] for DELETE '/session/76e4defcf55027589f49a58343a2ff48'
22:38:57.948 [AsyncHttpClient-1-4] DEBUG org.asynchttpclient.netty.handler.WebSocketHandler - Channel Closed: [id: 0x8cde0f91, L:/127.0.0.1:64835 ! R:localhost/127.0.0.1:64828] with attribute NettyResponseFuture{currentRetry=0,
	isDone=1,
	isCancelled=0,
	asyncHandler=org.asynchttpclient.ws.WebSocketUpgradeHandler@16fef956,
	nettyRequest=org.asynchttpclient.netty.request.NettyRequest@20e74d6c,
	future=java.util.concurrent.CompletableFuture@7afd8813[Completed normally],
	uri=ws://localhost:64828/devtools/browser/71c174ad-9b10-4471-a28c-bb6beb0e00d3,
	keepAlive=true,
	redirectCount=0,
	timeoutsHolder=null,
	inAuth=0,
	touch=1681313933335}
22:38:57.949 [AsyncHttpClient-1-4] DEBUG org.asynchttpclient.netty.channel.ChannelManager - Closing Channel [id: 0x8cde0f91, L:/127.0.0.1:64835 ! R:localhost/127.0.0.1:64828] 
22:38:58.029 [AsyncHttpClient-1-3] DEBUG org.asynchttpclient.netty.handler.HttpHandler - Unexpected I/O exception on channel [id: 0x4bcbb9c7, L:/127.0.0.1:64834 - R:localhost/127.0.0.1:64828]
java.net.SocketException: Connection reset
	at java.base/sun.nio.ch.SocketChannelImpl.throwConnectionReset(SocketChannelImpl.java:394)
	at java.base/sun.nio.ch.SocketChannelImpl.read(SocketChannelImpl.java:426)
	at io.netty.buffer.PooledByteBuf.setBytes(PooledByteBuf.java:259)
	at io.netty.buffer.AbstractByteBuf.writeBytes(AbstractByteBuf.java:1132)
	at io.netty.channel.socket.nio.NioSocketChannel.doReadBytes(NioSocketChannel.java:357)
	at io.netty.channel.nio.AbstractNioByteChannel$NioByteUnsafe.read(AbstractNioByteChannel.java:151)
	at io.netty.channel.nio.NioEventLoop.processSelectedKey(NioEventLoop.java:788)
	at io.netty.channel.nio.NioEventLoop.processSelectedKeysOptimized(NioEventLoop.java:724)
	at io.netty.channel.nio.NioEventLoop.processSelectedKeys(NioEventLoop.java:650)
	at io.netty.channel.nio.NioEventLoop.run(NioEventLoop.java:562)
	at io.netty.util.concurrent.SingleThreadEventExecutor$4.run(SingleThreadEventExecutor.java:997)
	at io.netty.util.internal.ThreadExecutorMap$2.run(ThreadExecutorMap.java:74)
	at io.netty.util.concurrent.FastThreadLocalRunnable.run(FastThreadLocalRunnable.java:30)
	at java.base/java.lang.Thread.run(Thread.java:833)
22:38:58.030 [AsyncHttpClient-1-3] DEBUG org.asynchttpclient.netty.channel.ChannelManager - Closing Channel [id: 0x4bcbb9c7, L:/127.0.0.1:64834 - R:localhost/127.0.0.1:64828] 
22:38:58.033 [AsyncHttpClient-1-3] DEBUG org.asynchttpclient.netty.handler.HttpHandler - Channel Closed: [id: 0x4bcbb9c7, L:/127.0.0.1:64834 ! R:localhost/127.0.0.1:64828] with attribute DISCARD
22:38:58.043 [AsyncHttpClient-1-2] DEBUG org.asynchttpclient.netty.handler.HttpHandler - 

Request DefaultFullHttpRequest(decodeResult: success, version: HTTP/1.1, content: EmptyByteBufBE)
DELETE /session/76e4defcf55027589f49a58343a2ff48 HTTP/1.1
User-Agent: selenium/4.8.1 (java windows)
Content-Type: application/json; charset=utf-8
host: localhost:21675
accept: */*

Response DefaultHttpResponse(decodeResult: success, version: HTTP/1.1)
HTTP/1.1 200 OK
Content-Length: 14
Content-Type: application/json; charset=utf-8
cache-control: no-cache

22:38:58.044 [AsyncHttpClient-1-2] DEBUG org.asynchttpclient.netty.channel.ChannelManager - Adding key: http://localhost:21675 for channel [id: 0xc83d6ad6, L:/127.0.0.1:64827 - R:localhost/127.0.0.1:21675]
22:38:58.126 [AsyncHttpClient-1-2] DEBUG org.asynchttpclient.netty.handler.HttpHandler - Channel Closed: [id: 0xc83d6ad6, L:/127.0.0.1:64827 ! R:localhost/127.0.0.1:21675] with attribute DISCARD
]]></system-out>
    <system-err><![CDATA[Starting ChromeDriver 112.0.5615.49 (bd2a7bcb881c11e8cfe3078709382934e3916914-refs/branch-heads/5615@{#936}) on port 21675
Only local connections are allowed.
Please see https://chromedriver.chromium.org/security-considerations for suggestions on keeping ChromeDriver safe.
ChromeDriver was started successfully.
Apr 12, 2023 10:38:53 PM org.openqa.selenium.devtools.CdpVersionFinder findNearestMatch
WARNING: Unable to find an exact match for CDP version 112, so returning the closest version found: 110
]]></system-err>
  </testcase>
</testsuite>